{"meta": {"format": 3, "version": "7.10.0", "timestamp": "2025-08-07T09:24:49.877347", "branch_coverage": false, "show_contexts": false}, "files": {"src/anonymizer/__init__.py": {"executed_lines": [1, 15, 16, 18, 19, 20, 27, 29], "summary": {"covered_lines": 7, "num_statements": 7, "percent_covered": 100.0, "percent_covered_display": "100", "missing_lines": 0, "excluded_lines": 0}, "missing_lines": [], "excluded_lines": [], "functions": {"": {"executed_lines": [1, 15, 16, 18, 19, 20, 27, 29], "summary": {"covered_lines": 7, "num_statements": 7, "percent_covered": 100.0, "percent_covered_display": "100", "missing_lines": 0, "excluded_lines": 0}, "missing_lines": [], "excluded_lines": []}}, "classes": {"": {"executed_lines": [1, 15, 16, 18, 19, 20, 27, 29], "summary": {"covered_lines": 7, "num_statements": 7, "percent_covered": 100.0, "percent_covered_display": "100", "missing_lines": 0, "excluded_lines": 0}, "missing_lines": [], "excluded_lines": []}}}, "src/anonymizer/batch/__init__.py": {"executed_lines": [1, 7, 9], "summary": {"covered_lines": 2, "num_statements": 2, "percent_covered": 100.0, "percent_covered_display": "100", "missing_lines": 0, "excluded_lines": 0}, "missing_lines": [], "excluded_lines": [], "functions": {"": {"executed_lines": [1, 7, 9], "summary": {"covered_lines": 2, "num_statements": 2, "percent_covered": 100.0, "percent_covered_display": "100", "missing_lines": 0, "excluded_lines": 0}, "missing_lines": [], "excluded_lines": []}}, "classes": {"": {"executed_lines": [1, 7, 9], "summary": {"covered_lines": 2, "num_statements": 2, "percent_covered": 100.0, "percent_covered_display": "100", "missing_lines": 0, "excluded_lines": 0}, "missing_lines": [], "excluded_lines": []}}}, "src/anonymizer/batch/processor.py": {"executed_lines": [1, 8, 9, 10, 11, 12, 13, 14, 15, 16, 18, 19, 21, 22, 23, 29, 35, 36, 38, 39, 43, 46, 47, 48, 50, 51, 52, 53, 54, 55, 57, 58, 60, 61, 62, 64, 65, 67, 68, 69, 72, 73, 75, 78, 81, 84, 87, 90, 94, 95, 97, 98, 99, 100, 102, 103, 104, 106, 107, 109, 110, 111, 113, 114, 115, 116, 118, 125, 126, 127, 129, 130, 132, 134, 135, 137, 138, 139, 140, 141, 142, 143, 144, 145, 150, 151, 161, 175, 176, 177, 178, 179, 181, 196, 199, 200, 203, 206, 209, 223, 225, 226, 227, 229, 231, 232, 233, 236, 243, 246, 247, 248, 249, 252, 263, 266, 275, 276, 285, 286, 288, 290, 291, 294, 295, 296, 299, 300, 303, 305, 307, 315, 317, 319, 320, 326, 329, 331, 343, 344, 345, 347, 349, 357, 359, 360, 363, 364, 367, 368, 369, 370, 371, 372, 374, 375, 377, 380, 381, 383, 384, 386, 387, 395, 398, 399, 400, 403, 406, 408, 410, 419, 421, 422, 423, 425, 427, 436, 438, 440, 444, 446, 448, 449, 450, 455, 458, 460, 462, 465, 468, 469, 471, 478, 481, 482, 483, 485, 487, 489, 491, 492, 493, 497, 499, 500, 503, 504, 505, 517, 539, 540, 541, 542, 543, 545, 546, 549, 550, 552, 555, 557, 565, 567], "summary": {"covered_lines": 219, "num_statements": 240, "percent_covered": 91.25, "percent_covered_display": "91", "missing_lines": 21, "excluded_lines": 0}, "missing_lines": [40, 41, 210, 220, 267, 269, 270, 271, 272, 301, 373, 441, 451, 453, 466, 479, 490, 494, 495, 513, 514], "excluded_lines": [], "functions": {"BatchProgressInfo.progress_percentage": {"executed_lines": [60, 61, 62], "summary": {"covered_lines": 3, "num_statements": 3, "percent_covered": 100.0, "percent_covered_display": "100", "missing_lines": 0, "excluded_lines": 0}, "missing_lines": [], "excluded_lines": []}, "BatchProgressInfo.success_rate": {"executed_lines": [67, 68, 69], "summary": {"covered_lines": 3, "num_statements": 3, "percent_covered": 100.0, "percent_covered_display": "100", "missing_lines": 0, "excluded_lines": 0}, "missing_lines": [], "excluded_lines": []}, "BatchProgressCallback.on_start": {"executed_lines": [], "summary": {"covered_lines": 0, "num_statements": 0, "percent_covered": 100.0, "percent_covered_display": "100", "missing_lines": 0, "excluded_lines": 0}, "missing_lines": [], "excluded_lines": []}, "BatchProgressCallback.on_item_start": {"executed_lines": [], "summary": {"covered_lines": 0, "num_statements": 0, "percent_covered": 100.0, "percent_covered_display": "100", "missing_lines": 0, "excluded_lines": 0}, "missing_lines": [], "excluded_lines": []}, "BatchProgressCallback.on_item_complete": {"executed_lines": [], "summary": {"covered_lines": 0, "num_statements": 0, "percent_covered": 100.0, "percent_covered_display": "100", "missing_lines": 0, "excluded_lines": 0}, "missing_lines": [], "excluded_lines": []}, "BatchProgressCallback.on_progress": {"executed_lines": [], "summary": {"covered_lines": 0, "num_statements": 0, "percent_covered": 100.0, "percent_covered_display": "100", "missing_lines": 0, "excluded_lines": 0}, "missing_lines": [], "excluded_lines": []}, "BatchProgressCallback.on_error": {"executed_lines": [], "summary": {"covered_lines": 0, "num_statements": 0, "percent_covered": 100.0, "percent_covered_display": "100", "missing_lines": 0, "excluded_lines": 0}, "missing_lines": [], "excluded_lines": []}, "BatchProgressCallback.on_complete": {"executed_lines": [], "summary": {"covered_lines": 0, "num_statements": 0, "percent_covered": 100.0, "percent_covered_display": "100", "missing_lines": 0, "excluded_lines": 0}, "missing_lines": [], "excluded_lines": []}, "ConsoleProgressCallback.__init__": {"executed_lines": [98, 99, 100], "summary": {"covered_lines": 3, "num_statements": 3, "percent_covered": 100.0, "percent_covered_display": "100", "missing_lines": 0, "excluded_lines": 0}, "missing_lines": [], "excluded_lines": []}, "ConsoleProgressCallback.on_start": {"executed_lines": [103, 104], "summary": {"covered_lines": 2, "num_statements": 2, "percent_covered": 100.0, "percent_covered_display": "100", "missing_lines": 0, "excluded_lines": 0}, "missing_lines": [], "excluded_lines": []}, "ConsoleProgressCallback.on_item_start": {"executed_lines": [107], "summary": {"covered_lines": 1, "num_statements": 1, "percent_covered": 100.0, "percent_covered_display": "100", "missing_lines": 0, "excluded_lines": 0}, "missing_lines": [], "excluded_lines": []}, "ConsoleProgressCallback.on_item_complete": {"executed_lines": [110, 111], "summary": {"covered_lines": 2, "num_statements": 2, "percent_covered": 100.0, "percent_covered_display": "100", "missing_lines": 0, "excluded_lines": 0}, "missing_lines": [], "excluded_lines": []}, "ConsoleProgressCallback.on_progress": {"executed_lines": [114, 115, 116, 118, 125, 126, 127, 129, 130, 132], "summary": {"covered_lines": 10, "num_statements": 10, "percent_covered": 100.0, "percent_covered_display": "100", "missing_lines": 0, "excluded_lines": 0}, "missing_lines": [], "excluded_lines": []}, "ConsoleProgressCallback.on_error": {"executed_lines": [135], "summary": {"covered_lines": 1, "num_statements": 1, "percent_covered": 100.0, "percent_covered_display": "100", "missing_lines": 0, "excluded_lines": 0}, "missing_lines": [], "excluded_lines": []}, "ConsoleProgressCallback.on_complete": {"executed_lines": [138, 139, 140, 141, 142, 143, 144, 145], "summary": {"covered_lines": 8, "num_statements": 8, "percent_covered": 100.0, "percent_covered_display": "100", "missing_lines": 0, "excluded_lines": 0}, "missing_lines": [], "excluded_lines": []}, "BatchProcessor.__init__": {"executed_lines": [175, 176, 177, 178, 179], "summary": {"covered_lines": 5, "num_statements": 5, "percent_covered": 100.0, "percent_covered_display": "100", "missing_lines": 0, "excluded_lines": 0}, "missing_lines": [], "excluded_lines": []}, "BatchProcessor.process_batch": {"executed_lines": [196, 199, 200, 203, 206, 209, 223, 225, 226, 227, 229, 231, 232, 233, 236, 243, 246, 247, 248, 249, 252, 263, 266, 275, 276, 285, 286], "summary": {"covered_lines": 27, "num_statements": 34, "percent_covered": 79.41176470588235, "percent_covered_display": "79", "missing_lines": 7, "excluded_lines": 0}, "missing_lines": [210, 220, 267, 269, 270, 271, 272], "excluded_lines": []}, "BatchProcessor._validate_request": {"executed_lines": [290, 291, 294, 295, 296, 299, 300], "summary": {"covered_lines": 7, "num_statements": 8, "percent_covered": 87.5, "percent_covered_display": "88", "missing_lines": 1, "excluded_lines": 0}, "missing_lines": [301], "excluded_lines": []}, "BatchProcessor._prepare_output_directory": {"executed_lines": [305], "summary": {"covered_lines": 1, "num_statements": 1, "percent_covered": 100.0, "percent_covered_display": "100", "missing_lines": 0, "excluded_lines": 0}, "missing_lines": [], "excluded_lines": []}, "BatchProcessor._process_batch_chunk": {"executed_lines": [315, 317, 319, 320, 326, 329, 331, 343, 344, 345, 347], "summary": {"covered_lines": 11, "num_statements": 11, "percent_covered": 100.0, "percent_covered_display": "100", "missing_lines": 0, "excluded_lines": 0}, "missing_lines": [], "excluded_lines": []}, "BatchProcessor._process_single_item": {"executed_lines": [357, 359, 360, 363, 364, 367, 368, 369, 370, 371, 372, 374, 375, 377, 380, 381, 383, 384, 386, 387, 395, 398, 399, 400, 403, 406, 408, 410, 419, 421, 422, 423, 425, 427, 436], "summary": {"covered_lines": 35, "num_statements": 36, "percent_covered": 97.22222222222223, "percent_covered_display": "97", "missing_lines": 1, "excluded_lines": 0}, "missing_lines": [373], "excluded_lines": []}, "BatchProcessor._get_output_path": {"executed_lines": [440, 444, 446, 448, 449, 450, 455, 458, 460], "summary": {"covered_lines": 9, "num_statements": 12, "percent_covered": 75.0, "percent_covered_display": "75", "missing_lines": 3, "excluded_lines": 0}, "missing_lines": [441, 451, 453], "excluded_lines": []}, "BatchProcessor._save_anonymized_image": {"executed_lines": [465, 468, 469], "summary": {"covered_lines": 3, "num_statements": 4, "percent_covered": 75.0, "percent_covered_display": "75", "missing_lines": 1, "excluded_lines": 0}, "missing_lines": [466], "excluded_lines": []}, "BatchProcessor._estimate_remaining_time": {"executed_lines": [478, 481, 482, 483, 485], "summary": {"covered_lines": 5, "num_statements": 6, "percent_covered": 83.33333333333333, "percent_covered_display": "83", "missing_lines": 1, "excluded_lines": 0}, "missing_lines": [479], "excluded_lines": []}, "BatchProcessor._get_memory_usage": {"executed_lines": [489, 491, 492, 493], "summary": {"covered_lines": 4, "num_statements": 7, "percent_covered": 57.142857142857146, "percent_covered_display": "57", "missing_lines": 3, "excluded_lines": 0}, "missing_lines": [490, 494, 495], "excluded_lines": []}, "BatchProcessor._cleanup_memory": {"executed_lines": [499, 500, 503, 504, 505], "summary": {"covered_lines": 5, "num_statements": 7, "percent_covered": 71.42857142857143, "percent_covered_display": "71", "missing_lines": 2, "excluded_lines": 0}, "missing_lines": [513, 514], "excluded_lines": []}, "create_batch_from_directory": {"executed_lines": [539, 540, 541, 542, 543, 545, 546, 549, 550, 552, 555, 557, 565, 567], "summary": {"covered_lines": 14, "num_statements": 14, "percent_covered": 100.0, "percent_covered_display": "100", "missing_lines": 0, "excluded_lines": 0}, "missing_lines": [], "excluded_lines": []}, "": {"executed_lines": [1, 8, 9, 10, 11, 12, 13, 14, 15, 16, 18, 19, 21, 22, 23, 29, 35, 36, 38, 39, 43, 46, 47, 48, 50, 51, 52, 53, 54, 55, 57, 58, 64, 65, 72, 73, 75, 78, 81, 84, 87, 90, 94, 95, 97, 102, 106, 109, 113, 134, 137, 150, 151, 161, 181, 288, 303, 307, 349, 438, 462, 471, 487, 497, 517], "summary": {"covered_lines": 60, "num_statements": 62, "percent_covered": 96.7741935483871, "percent_covered_display": "97", "missing_lines": 2, "excluded_lines": 0}, "missing_lines": [40, 41], "excluded_lines": []}}, "classes": {"BatchProgressInfo": {"executed_lines": [60, 61, 62, 67, 68, 69], "summary": {"covered_lines": 6, "num_statements": 6, "percent_covered": 100.0, "percent_covered_display": "100", "missing_lines": 0, "excluded_lines": 0}, "missing_lines": [], "excluded_lines": []}, "BatchProgressCallback": {"executed_lines": [], "summary": {"covered_lines": 0, "num_statements": 0, "percent_covered": 100.0, "percent_covered_display": "100", "missing_lines": 0, "excluded_lines": 0}, "missing_lines": [], "excluded_lines": []}, "ConsoleProgressCallback": {"executed_lines": [98, 99, 100, 103, 104, 107, 110, 111, 114, 115, 116, 118, 125, 126, 127, 129, 130, 132, 135, 138, 139, 140, 141, 142, 143, 144, 145], "summary": {"covered_lines": 27, "num_statements": 27, "percent_covered": 100.0, "percent_covered_display": "100", "missing_lines": 0, "excluded_lines": 0}, "missing_lines": [], "excluded_lines": []}, "BatchProcessor": {"executed_lines": [175, 176, 177, 178, 179, 196, 199, 200, 203, 206, 209, 223, 225, 226, 227, 229, 231, 232, 233, 236, 243, 246, 247, 248, 249, 252, 263, 266, 275, 276, 285, 286, 290, 291, 294, 295, 296, 299, 300, 305, 315, 317, 319, 320, 326, 329, 331, 343, 344, 345, 347, 357, 359, 360, 363, 364, 367, 368, 369, 370, 371, 372, 374, 375, 377, 380, 381, 383, 384, 386, 387, 395, 398, 399, 400, 403, 406, 408, 410, 419, 421, 422, 423, 425, 427, 436, 440, 444, 446, 448, 449, 450, 455, 458, 460, 465, 468, 469, 478, 481, 482, 483, 485, 489, 491, 492, 493, 499, 500, 503, 504, 505], "summary": {"covered_lines": 112, "num_statements": 131, "percent_covered": 85.49618320610686, "percent_covered_display": "85", "missing_lines": 19, "excluded_lines": 0}, "missing_lines": [210, 220, 267, 269, 270, 271, 272, 301, 373, 441, 451, 453, 466, 479, 490, 494, 495, 513, 514], "excluded_lines": []}, "": {"executed_lines": [1, 8, 9, 10, 11, 12, 13, 14, 15, 16, 18, 19, 21, 22, 23, 29, 35, 36, 38, 39, 43, 46, 47, 48, 50, 51, 52, 53, 54, 55, 57, 58, 64, 65, 72, 73, 75, 78, 81, 84, 87, 90, 94, 95, 97, 102, 106, 109, 113, 134, 137, 150, 151, 161, 181, 288, 303, 307, 349, 438, 462, 471, 487, 497, 517, 539, 540, 541, 542, 543, 545, 546, 549, 550, 552, 555, 557, 565, 567], "summary": {"covered_lines": 74, "num_statements": 76, "percent_covered": 97.36842105263158, "percent_covered_display": "97", "missing_lines": 2, "excluded_lines": 0}, "missing_lines": [40, 41], "excluded_lines": []}}}, "src/anonymizer/cloud/__init__.py": {"executed_lines": [1, 3, 4, 6, 7, 8, 10, 17], "summary": {"covered_lines": 7, "num_statements": 12, "percent_covered": 58.333333333333336, "percent_covered_display": "58", "missing_lines": 5, "excluded_lines": 0}, "missing_lines": [11, 12, 13, 14, 15], "excluded_lines": [], "functions": {"": {"executed_lines": [1, 3, 4, 6, 7, 8, 10, 17], "summary": {"covered_lines": 7, "num_statements": 12, "percent_covered": 58.333333333333336, "percent_covered_display": "58", "missing_lines": 5, "excluded_lines": 0}, "missing_lines": [11, 12, 13, 14, 15], "excluded_lines": []}}, "classes": {"": {"executed_lines": [1, 3, 4, 6, 7, 8, 10, 17], "summary": {"covered_lines": 7, "num_statements": 12, "percent_covered": 58.333333333333336, "percent_covered_display": "58", "missing_lines": 5, "excluded_lines": 0}, "missing_lines": [11, 12, 13, 14, 15], "excluded_lines": []}}}, "src/anonymizer/cloud/modal_app.py": {"executed_lines": [1, 3, 4, 5, 6, 7, 9, 10, 12, 13, 14, 15, 17, 18, 20, 25, 26, 28, 31, 33, 49, 52, 83, 86, 88, 89, 90, 91, 92, 93, 95, 97, 106, 226, 235], "summary": {"covered_lines": 34, "num_statements": 112, "percent_covered": 30.357142857142858, "percent_covered_display": "30", "missing_lines": 78, "excluded_lines": 0}, "missing_lines": [21, 22, 23, 122, 124, 126, 127, 128, 129, 130, 133, 134, 137, 140, 143, 161, 168, 171, 181, 187, 190, 192, 195, 196, 203, 206, 207, 210, 211, 215, 217, 218, 220, 221, 222, 223, 224, 251, 253, 255, 256, 257, 258, 259, 262, 263, 266, 269, 272, 290, 297, 300, 310, 316, 319, 320, 326, 329, 330, 333, 334, 338, 340, 341, 343, 344, 345, 346, 347, 351, 352, 353, 355, 356, 358, 359, 360, 361], "excluded_lines": [], "functions": {"get_secrets": {"executed_lines": [88, 89, 90, 91, 92, 93], "summary": {"covered_lines": 6, "num_statements": 6, "percent_covered": 100.0, "percent_covered_display": "100", "missing_lines": 0, "excluded_lines": 0}, "missing_lines": [], "excluded_lines": []}, "train_vae": {"executed_lines": [], "summary": {"covered_lines": 0, "num_statements": 34, "percent_covered": 0.0, "percent_covered_display": "0", "missing_lines": 34, "excluded_lines": 0}, "missing_lines": [122, 124, 126, 127, 128, 129, 130, 133, 134, 137, 140, 143, 161, 168, 171, 181, 187, 190, 192, 195, 196, 203, 206, 207, 210, 211, 215, 217, 218, 220, 221, 222, 223, 224], "excluded_lines": []}, "train_unet": {"executed_lines": [], "summary": {"covered_lines": 0, "num_statements": 32, "percent_covered": 0.0, "percent_covered_display": "0", "missing_lines": 32, "excluded_lines": 0}, "missing_lines": [251, 253, 255, 256, 257, 258, 259, 262, 263, 266, 269, 272, 290, 297, 300, 310, 316, 319, 320, 326, 329, 330, 333, 334, 338, 340, 341, 343, 344, 345, 346, 347], "excluded_lines": []}, "": {"executed_lines": [1, 3, 4, 5, 6, 7, 9, 10, 12, 13, 14, 15, 17, 18, 20, 25, 26, 28, 31, 33, 49, 52, 83, 86, 95, 97, 106, 226, 235], "summary": {"covered_lines": 28, "num_statements": 40, "percent_covered": 70.0, "percent_covered_display": "70", "missing_lines": 12, "excluded_lines": 0}, "missing_lines": [21, 22, 23, 351, 352, 353, 355, 356, 358, 359, 360, 361], "excluded_lines": []}}, "classes": {"": {"executed_lines": [1, 3, 4, 5, 6, 7, 9, 10, 12, 13, 14, 15, 17, 18, 20, 25, 26, 28, 31, 33, 49, 52, 83, 86, 88, 89, 90, 91, 92, 93, 95, 97, 106, 226, 235], "summary": {"covered_lines": 34, "num_statements": 112, "percent_covered": 30.357142857142858, "percent_covered_display": "30", "missing_lines": 78, "excluded_lines": 0}, "missing_lines": [21, 22, 23, 122, 124, 126, 127, 128, 129, 130, 133, 134, 137, 140, 143, 161, 168, 171, 181, 187, 190, 192, 195, 196, 203, 206, 207, 210, 211, 215, 217, 218, 220, 221, 222, 223, 224, 251, 253, 255, 256, 257, 258, 259, 262, 263, 266, 269, 272, 290, 297, 300, 310, 316, 319, 320, 326, 329, 330, 333, 334, 338, 340, 341, 343, 344, 345, 346, 347, 351, 352, 353, 355, 356, 358, 359, 360, 361], "excluded_lines": []}}}, "src/anonymizer/cloud/modal_config.py": {"executed_lines": [1, 3, 5, 6, 9, 10, 12, 21, 24, 25, 28, 29, 30, 33, 34, 37, 38, 41, 42, 45, 46, 49, 50, 53, 54, 57, 58, 61, 62, 63, 66, 67, 68, 71, 72, 73, 75], "summary": {"covered_lines": 34, "num_statements": 35, "percent_covered": 97.14285714285714, "percent_covered_display": "97", "missing_lines": 1, "excluded_lines": 0}, "missing_lines": [77], "excluded_lines": [], "functions": {"ModalTrainingConfig.get_wandb_config": {"executed_lines": [], "summary": {"covered_lines": 0, "num_statements": 1, "percent_covered": 0.0, "percent_covered_display": "0", "missing_lines": 1, "excluded_lines": 0}, "missing_lines": [77], "excluded_lines": []}, "": {"executed_lines": [1, 3, 5, 6, 9, 10, 12, 21, 24, 25, 28, 29, 30, 33, 34, 37, 38, 41, 42, 45, 46, 49, 50, 53, 54, 57, 58, 61, 62, 63, 66, 67, 68, 71, 72, 73, 75], "summary": {"covered_lines": 34, "num_statements": 34, "percent_covered": 100.0, "percent_covered_display": "100", "missing_lines": 0, "excluded_lines": 0}, "missing_lines": [], "excluded_lines": []}}, "classes": {"ModalConfig": {"executed_lines": [], "summary": {"covered_lines": 0, "num_statements": 0, "percent_covered": 100.0, "percent_covered_display": "100", "missing_lines": 0, "excluded_lines": 0}, "missing_lines": [], "excluded_lines": []}, "ModalTrainingConfig": {"executed_lines": [], "summary": {"covered_lines": 0, "num_statements": 1, "percent_covered": 0.0, "percent_covered_display": "0", "missing_lines": 1, "excluded_lines": 0}, "missing_lines": [77], "excluded_lines": []}, "": {"executed_lines": [1, 3, 5, 6, 9, 10, 12, 21, 24, 25, 28, 29, 30, 33, 34, 37, 38, 41, 42, 45, 46, 49, 50, 53, 54, 57, 58, 61, 62, 63, 66, 67, 68, 71, 72, 73, 75], "summary": {"covered_lines": 34, "num_statements": 34, "percent_covered": 100.0, "percent_covered_display": "100", "missing_lines": 0, "excluded_lines": 0}, "missing_lines": [], "excluded_lines": []}}}, "src/anonymizer/cloud/wandb_integration.py": {"executed_lines": [1, 3, 4, 5, 7, 8, 10, 15, 17, 20, 21, 23, 44, 49, 75, 85, 106, 116, 127, 138, 167], "summary": {"covered_lines": 19, "num_statements": 93, "percent_covered": 20.43010752688172, "percent_covered_display": "20", "missing_lines": 74, "excluded_lines": 0}, "missing_lines": [11, 12, 13, 32, 33, 34, 35, 36, 37, 38, 40, 41, 42, 46, 47, 51, 52, 54, 56, 58, 67, 68, 69, 70, 72, 73, 77, 78, 80, 81, 82, 83, 92, 93, 95, 96, 100, 101, 102, 103, 104, 108, 109, 111, 112, 113, 114, 118, 119, 121, 122, 123, 124, 125, 129, 130, 132, 133, 134, 135, 145, 146, 147, 150, 157, 176, 177, 178, 179, 181, 184, 185, 186, 188], "excluded_lines": [], "functions": {"WandbLogger.__init__": {"executed_lines": [], "summary": {"covered_lines": 0, "num_statements": 10, "percent_covered": 0.0, "percent_covered_display": "0", "missing_lines": 10, "excluded_lines": 0}, "missing_lines": [32, 33, 34, 35, 36, 37, 38, 40, 41, 42], "excluded_lines": []}, "WandbLogger._generate_run_name": {"executed_lines": [], "summary": {"covered_lines": 0, "num_statements": 2, "percent_covered": 0.0, "percent_covered_display": "0", "missing_lines": 2, "excluded_lines": 0}, "missing_lines": [46, 47], "excluded_lines": []}, "WandbLogger.init": {"executed_lines": [], "summary": {"covered_lines": 0, "num_statements": 11, "percent_covered": 0.0, "percent_covered_display": "0", "missing_lines": 11, "excluded_lines": 0}, "missing_lines": [51, 52, 54, 56, 58, 67, 68, 69, 70, 72, 73], "excluded_lines": []}, "WandbLogger.log": {"executed_lines": [], "summary": {"covered_lines": 0, "num_statements": 6, "percent_covered": 0.0, "percent_covered_display": "0", "missing_lines": 6, "excluded_lines": 0}, "missing_lines": [77, 78, 80, 81, 82, 83], "excluded_lines": []}, "WandbLogger.log_model": {"executed_lines": [], "summary": {"covered_lines": 0, "num_statements": 9, "percent_covered": 0.0, "percent_covered_display": "0", "missing_lines": 9, "excluded_lines": 0}, "missing_lines": [92, 93, 95, 96, 100, 101, 102, 103, 104], "excluded_lines": []}, "WandbLogger.log_config": {"executed_lines": [], "summary": {"covered_lines": 0, "num_statements": 6, "percent_covered": 0.0, "percent_covered_display": "0", "missing_lines": 6, "excluded_lines": 0}, "missing_lines": [108, 109, 111, 112, 113, 114], "excluded_lines": []}, "WandbLogger.finish": {"executed_lines": [], "summary": {"covered_lines": 0, "num_statements": 7, "percent_covered": 0.0, "percent_covered_display": "0", "missing_lines": 7, "excluded_lines": 0}, "missing_lines": [118, 119, 121, 122, 123, 124, 125], "excluded_lines": []}, "WandbLogger.watch": {"executed_lines": [], "summary": {"covered_lines": 0, "num_statements": 6, "percent_covered": 0.0, "percent_covered_display": "0", "missing_lines": 6, "excluded_lines": 0}, "missing_lines": [129, 130, 132, 133, 134, 135], "excluded_lines": []}, "setup_wandb": {"executed_lines": [], "summary": {"covered_lines": 0, "num_statements": 5, "percent_covered": 0.0, "percent_covered_display": "0", "missing_lines": 5, "excluded_lines": 0}, "missing_lines": [145, 146, 147, 150, 157], "excluded_lines": []}, "log_training_metrics": {"executed_lines": [], "summary": {"covered_lines": 0, "num_statements": 9, "percent_covered": 0.0, "percent_covered_display": "0", "missing_lines": 9, "excluded_lines": 0}, "missing_lines": [176, 177, 178, 179, 181, 184, 185, 186, 188], "excluded_lines": []}, "": {"executed_lines": [1, 3, 4, 5, 7, 8, 10, 15, 17, 20, 21, 23, 44, 49, 75, 85, 106, 116, 127, 138, 167], "summary": {"covered_lines": 19, "num_statements": 22, "percent_covered": 86.36363636363636, "percent_covered_display": "86", "missing_lines": 3, "excluded_lines": 0}, "missing_lines": [11, 12, 13], "excluded_lines": []}}, "classes": {"WandbLogger": {"executed_lines": [], "summary": {"covered_lines": 0, "num_statements": 57, "percent_covered": 0.0, "percent_covered_display": "0", "missing_lines": 57, "excluded_lines": 0}, "missing_lines": [32, 33, 34, 35, 36, 37, 38, 40, 41, 42, 46, 47, 51, 52, 54, 56, 58, 67, 68, 69, 70, 72, 73, 77, 78, 80, 81, 82, 83, 92, 93, 95, 96, 100, 101, 102, 103, 104, 108, 109, 111, 112, 113, 114, 118, 119, 121, 122, 123, 124, 125, 129, 130, 132, 133, 134, 135], "excluded_lines": []}, "": {"executed_lines": [1, 3, 4, 5, 7, 8, 10, 15, 17, 20, 21, 23, 44, 49, 75, 85, 106, 116, 127, 138, 167], "summary": {"covered_lines": 19, "num_statements": 36, "percent_covered": 52.77777777777778, "percent_covered_display": "53", "missing_lines": 17, "excluded_lines": 0}, "missing_lines": [11, 12, 13, 145, 146, 147, 150, 157, 176, 177, 178, 179, 181, 184, 185, 186, 188], "excluded_lines": []}}}, "src/anonymizer/core/__init__.py": {"executed_lines": [1, 3, 10, 17, 26], "summary": {"covered_lines": 4, "num_statements": 4, "percent_covered": 100.0, "percent_covered_display": "100", "missing_lines": 0, "excluded_lines": 0}, "missing_lines": [], "excluded_lines": [], "functions": {"": {"executed_lines": [1, 3, 10, 17, 26], "summary": {"covered_lines": 4, "num_statements": 4, "percent_covered": 100.0, "percent_covered_display": "100", "missing_lines": 0, "excluded_lines": 0}, "missing_lines": [], "excluded_lines": []}}, "classes": {"": {"executed_lines": [1, 3, 10, 17, 26], "summary": {"covered_lines": 4, "num_statements": 4, "percent_covered": 100.0, "percent_covered_display": "100", "missing_lines": 0, "excluded_lines": 0}, "missing_lines": [], "excluded_lines": []}}}, "src/anonymizer/core/config.py": {"executed_lines": [1, 3, 4, 5, 6, 7, 9, 10, 11, 13, 31, 34, 35, 36, 37, 40, 41, 42, 43, 44, 45, 49, 52, 79, 89, 108, 112, 119, 120, 123, 124, 132, 135, 136, 140, 142, 143, 145, 146, 148, 153, 232, 238, 241, 244, 247, 250, 251, 258, 260, 261, 262, 263, 265, 266, 267, 268, 269, 270, 273, 274, 281, 283, 284, 285, 286, 289, 290, 297, 299, 300, 301, 304, 305, 312, 314, 315, 316, 319, 320, 321, 322, 323, 324, 327, 330, 331, 334, 335, 336, 338, 339, 340, 342, 344, 345, 346, 348, 349, 350, 353, 354, 361, 363, 364, 365, 368, 369, 370, 371, 372, 373, 376, 377, 380, 381, 384, 385, 388, 389, 390, 392, 393, 394, 396, 399, 400, 407, 409, 410, 411, 412, 414, 415, 416, 418, 420, 421, 422, 424, 425, 426, 429, 430, 431, 434, 435, 442, 444, 445, 446, 447, 448, 451, 452, 459, 462, 463, 466, 476, 477, 478, 480, 482, 483, 484, 486, 487, 488, 490, 492, 493, 494, 497, 498, 499, 502, 506, 507, 510, 511, 514, 517, 518, 525, 527, 528, 529, 530, 531, 533, 534, 535, 537, 539, 541, 543, 544, 545, 547, 549, 551, 559, 566, 567, 570, 573, 574, 581, 583, 584, 585, 586, 589, 590, 592, 601, 605, 606, 609, 610, 611, 614, 615, 618, 619, 620, 623, 624, 625, 626, 627, 629, 633, 634, 636, 638, 640, 641, 642, 645, 646, 647, 648, 649, 650, 652, 654, 655, 657, 658, 660, 663, 667, 678, 679, 681, 682, 683, 684, 685, 687, 688, 698, 701, 702, 703, 704, 706, 708, 711, 713, 717, 718, 719, 721, 724, 726, 728, 729, 731, 732, 733, 735, 736, 738, 739, 743, 745, 746, 752, 755, 756, 757, 758, 762, 765, 766, 768, 770, 771, 773, 774, 776, 779, 788, 789, 792], "summary": {"covered_lines": 306, "num_statements": 389, "percent_covered": 78.66323907455013, "percent_covered_display": "79", "missing_lines": 83, "excluded_lines": 0}, "missing_lines": [54, 62, 63, 70, 76, 81, 82, 83, 84, 85, 86, 109, 133, 137, 149, 150, 152, 156, 157, 158, 159, 162, 165, 170, 171, 173, 174, 175, 178, 179, 182, 183, 184, 185, 186, 188, 189, 190, 191, 193, 195, 196, 202, 203, 206, 208, 209, 211, 212, 215, 216, 219, 220, 222, 224, 225, 226, 227, 229, 239, 245, 538, 540, 548, 553, 561, 562, 563, 564, 661, 664, 668, 669, 670, 671, 672, 674, 676, 707, 709, 712, 714, 753], "excluded_lines": [], "functions": {"_get_default_allowed_base_dirs": {"executed_lines": [], "summary": {"covered_lines": 0, "num_statements": 5, "percent_covered": 0.0, "percent_covered_display": "0", "missing_lines": 5, "excluded_lines": 0}, "missing_lines": [54, 62, 63, 70, 76], "excluded_lines": []}, "_resolve_base_dir_cached": {"executed_lines": [], "summary": {"covered_lines": 0, "num_statements": 6, "percent_covered": 0.0, "percent_covered_display": "0", "missing_lines": 6, "excluded_lines": 0}, "missing_lines": [81, 82, 83, 84, 85, 86], "excluded_lines": []}, "validate_secure_path": {"executed_lines": [108, 112, 119, 120, 123, 124, 132, 135, 136, 140, 142, 143, 145, 146, 148, 153], "summary": {"covered_lines": 16, "num_statements": 60, "percent_covered": 26.666666666666668, "percent_covered_display": "27", "missing_lines": 44, "excluded_lines": 0}, "missing_lines": [109, 137, 149, 150, 152, 156, 157, 158, 159, 162, 165, 170, 173, 174, 175, 178, 179, 182, 183, 184, 185, 186, 188, 189, 190, 191, 193, 195, 202, 203, 206, 208, 211, 212, 215, 216, 219, 220, 222, 224, 225, 226, 227, 229], "excluded_lines": []}, "validate_secure_path._raise_security_error": {"executed_lines": [], "summary": {"covered_lines": 0, "num_statements": 1, "percent_covered": 0.0, "percent_covered_display": "0", "missing_lines": 1, "excluded_lines": 0}, "missing_lines": [133], "excluded_lines": []}, "validate_secure_path._raise_resolved_security_error": {"executed_lines": [], "summary": {"covered_lines": 0, "num_statements": 1, "percent_covered": 0.0, "percent_covered_display": "0", "missing_lines": 1, "excluded_lines": 0}, "missing_lines": [171], "excluded_lines": []}, "validate_secure_path._raise_not_allowed_error": {"executed_lines": [], "summary": {"covered_lines": 0, "num_statements": 1, "percent_covered": 0.0, "percent_covered_display": "0", "missing_lines": 1, "excluded_lines": 0}, "missing_lines": [196], "excluded_lines": []}, "validate_secure_path._raise_depth_error": {"executed_lines": [], "summary": {"covered_lines": 0, "num_statements": 1, "percent_covered": 0.0, "percent_covered_display": "0", "missing_lines": 1, "excluded_lines": 0}, "missing_lines": [209], "excluded_lines": []}, "validate_model_path": {"executed_lines": [238, 241, 244, 247], "summary": {"covered_lines": 4, "num_statements": 6, "percent_covered": 66.66666666666667, "percent_covered_display": "67", "missing_lines": 2, "excluded_lines": 0}, "missing_lines": [239, 245], "excluded_lines": []}, "OptimizerConfig.validate_betas": {"executed_lines": [268, 269, 270], "summary": {"covered_lines": 3, "num_statements": 3, "percent_covered": 100.0, "percent_covered_display": "100", "missing_lines": 0, "excluded_lines": 0}, "missing_lines": [], "excluded_lines": []}, "VAEConfig.validate_checkpoint_dir": {"executed_lines": [342], "summary": {"covered_lines": 1, "num_statements": 1, "percent_covered": 100.0, "percent_covered_display": "100", "missing_lines": 0, "excluded_lines": 0}, "missing_lines": [], "excluded_lines": []}, "VAEConfig.sync_optimizer_lr": {"executed_lines": [348, 349, 350], "summary": {"covered_lines": 3, "num_statements": 3, "percent_covered": 100.0, "percent_covered_display": "100", "missing_lines": 0, "excluded_lines": 0}, "missing_lines": [], "excluded_lines": []}, "UNetConfig.validate_checkpoint_dir": {"executed_lines": [396], "summary": {"covered_lines": 1, "num_statements": 1, "percent_covered": 100.0, "percent_covered_display": "100", "missing_lines": 0, "excluded_lines": 0}, "missing_lines": [], "excluded_lines": []}, "DatasetConfig.validate_train_data_path": {"executed_lines": [418], "summary": {"covered_lines": 1, "num_statements": 1, "percent_covered": 100.0, "percent_covered_display": "100", "missing_lines": 0, "excluded_lines": 0}, "missing_lines": [], "excluded_lines": []}, "DatasetConfig.validate_val_data_path": {"executed_lines": [424, 425, 426], "summary": {"covered_lines": 3, "num_statements": 3, "percent_covered": 100.0, "percent_covered_display": "100", "missing_lines": 0, "excluded_lines": 0}, "missing_lines": [], "excluded_lines": []}, "EngineConfig.validate_vae_model_path": {"executed_lines": [480, 482, 483, 484], "summary": {"covered_lines": 4, "num_statements": 4, "percent_covered": 100.0, "percent_covered_display": "100", "missing_lines": 0, "excluded_lines": 0}, "missing_lines": [], "excluded_lines": []}, "EngineConfig.validate_unet_model_path": {"executed_lines": [490, 492, 493, 494], "summary": {"covered_lines": 4, "num_statements": 4, "percent_covered": 100.0, "percent_covered_display": "100", "missing_lines": 0, "excluded_lines": 0}, "missing_lines": [], "excluded_lines": []}, "R2Config.validate_credentials": {"executed_lines": [537, 539, 541], "summary": {"covered_lines": 3, "num_statements": 5, "percent_covered": 60.0, "percent_covered_display": "60", "missing_lines": 2, "excluded_lines": 0}, "missing_lines": [538, 540], "excluded_lines": []}, "R2Config.validate_endpoint_url": {"executed_lines": [547, 549], "summary": {"covered_lines": 2, "num_statements": 3, "percent_covered": 66.66666666666667, "percent_covered_display": "67", "missing_lines": 1, "excluded_lines": 0}, "missing_lines": [548], "excluded_lines": []}, "R2Config.__repr__": {"executed_lines": [], "summary": {"covered_lines": 0, "num_statements": 1, "percent_covered": 0.0, "percent_covered_display": "0", "missing_lines": 1, "excluded_lines": 0}, "missing_lines": [553], "excluded_lines": []}, "R2Config.to_safe_dict": {"executed_lines": [], "summary": {"covered_lines": 0, "num_statements": 4, "percent_covered": 0.0, "percent_covered_display": "0", "missing_lines": 4, "excluded_lines": 0}, "missing_lines": [561, 562, 563, 564], "excluded_lines": []}, "R2Config.from_env": {"executed_lines": [570], "summary": {"covered_lines": 1, "num_statements": 1, "percent_covered": 100.0, "percent_covered_display": "100", "missing_lines": 0, "excluded_lines": 0}, "missing_lines": [], "excluded_lines": []}, "AppConfig.model_post_init": {"executed_lines": [633, 634, 636, 638, 640, 641, 642, 645, 646, 647, 648, 649, 650, 652, 654, 655, 657, 658, 660, 663, 667], "summary": {"covered_lines": 21, "num_statements": 30, "percent_covered": 70.0, "percent_covered_display": "70", "missing_lines": 9, "excluded_lines": 0}, "missing_lines": [661, 664, 668, 669, 670, 671, 672, 674, 676], "excluded_lines": []}, "AppConfig.load_from_env": {"executed_lines": [681, 682, 683, 684, 685], "summary": {"covered_lines": 5, "num_statements": 5, "percent_covered": 100.0, "percent_covered_display": "100", "missing_lines": 0, "excluded_lines": 0}, "missing_lines": [], "excluded_lines": []}, "AppConfig.load_with_overrides": {"executed_lines": [698, 701, 702, 703, 704, 706, 708, 711, 713, 717, 718, 719, 721], "summary": {"covered_lines": 13, "num_statements": 17, "percent_covered": 76.47058823529412, "percent_covered_display": "76", "missing_lines": 4, "excluded_lines": 0}, "missing_lines": [707, 709, 712, 714], "excluded_lines": []}, "load_config_from_yaml": {"executed_lines": [726, 728, 729, 731, 732, 733, 735, 738, 739, 743, 745, 746, 752, 755, 756, 757, 758], "summary": {"covered_lines": 17, "num_statements": 18, "percent_covered": 94.44444444444444, "percent_covered_display": "94", "missing_lines": 1, "excluded_lines": 0}, "missing_lines": [753], "excluded_lines": []}, "load_config_from_yaml._raise_empty_config_error": {"executed_lines": [736], "summary": {"covered_lines": 1, "num_statements": 1, "percent_covered": 100.0, "percent_covered_display": "100", "missing_lines": 0, "excluded_lines": 0}, "missing_lines": [], "excluded_lines": []}, "_add_yaml_methods": {"executed_lines": [765, 766, 770, 771, 779, 788, 789], "summary": {"covered_lines": 7, "num_statements": 7, "percent_covered": 100.0, "percent_covered_display": "100", "missing_lines": 0, "excluded_lines": 0}, "missing_lines": [], "excluded_lines": []}, "_add_yaml_methods.from_yaml": {"executed_lines": [768], "summary": {"covered_lines": 1, "num_statements": 1, "percent_covered": 100.0, "percent_covered_display": "100", "missing_lines": 0, "excluded_lines": 0}, "missing_lines": [], "excluded_lines": []}, "_add_yaml_methods.from_env_and_yaml": {"executed_lines": [773, 774, 776], "summary": {"covered_lines": 3, "num_statements": 3, "percent_covered": 100.0, "percent_covered_display": "100", "missing_lines": 0, "excluded_lines": 0}, "missing_lines": [], "excluded_lines": []}, "": {"executed_lines": [1, 3, 4, 5, 6, 7, 9, 10, 11, 13, 31, 34, 35, 36, 37, 40, 41, 42, 43, 44, 45, 49, 52, 79, 89, 232, 250, 251, 258, 260, 261, 262, 263, 265, 266, 267, 273, 274, 281, 283, 284, 285, 286, 289, 290, 297, 299, 300, 301, 304, 305, 312, 314, 315, 316, 319, 320, 321, 322, 323, 324, 327, 330, 331, 334, 335, 336, 338, 339, 340, 344, 345, 346, 353, 354, 361, 363, 364, 365, 368, 369, 370, 371, 372, 373, 376, 377, 380, 381, 384, 385, 388, 389, 390, 392, 393, 394, 399, 400, 407, 409, 410, 411, 412, 414, 415, 416, 420, 421, 422, 429, 430, 431, 434, 435, 442, 444, 445, 446, 447, 448, 451, 452, 459, 462, 463, 466, 476, 477, 478, 486, 487, 488, 497, 498, 499, 502, 506, 507, 510, 511, 514, 517, 518, 525, 527, 528, 529, 530, 531, 533, 534, 535, 543, 544, 545, 551, 559, 566, 567, 573, 574, 581, 583, 584, 585, 586, 589, 590, 592, 601, 605, 606, 609, 610, 611, 614, 615, 618, 619, 620, 623, 624, 625, 626, 627, 629, 678, 679, 687, 688, 724, 762, 792], "summary": {"covered_lines": 192, "num_statements": 192, "percent_covered": 100.0, "percent_covered_display": "100", "missing_lines": 0, "excluded_lines": 0}, "missing_lines": [], "excluded_lines": []}}, "classes": {"OptimizerConfig": {"executed_lines": [268, 269, 270], "summary": {"covered_lines": 3, "num_statements": 3, "percent_covered": 100.0, "percent_covered_display": "100", "missing_lines": 0, "excluded_lines": 0}, "missing_lines": [], "excluded_lines": []}, "SchedulerConfig": {"executed_lines": [], "summary": {"covered_lines": 0, "num_statements": 0, "percent_covered": 100.0, "percent_covered_display": "100", "missing_lines": 0, "excluded_lines": 0}, "missing_lines": [], "excluded_lines": []}, "LossConfig": {"executed_lines": [], "summary": {"covered_lines": 0, "num_statements": 0, "percent_covered": 100.0, "percent_covered_display": "100", "missing_lines": 0, "excluded_lines": 0}, "missing_lines": [], "excluded_lines": []}, "VAEConfig": {"executed_lines": [342, 348, 349, 350], "summary": {"covered_lines": 4, "num_statements": 4, "percent_covered": 100.0, "percent_covered_display": "100", "missing_lines": 0, "excluded_lines": 0}, "missing_lines": [], "excluded_lines": []}, "UNetConfig": {"executed_lines": [396], "summary": {"covered_lines": 1, "num_statements": 1, "percent_covered": 100.0, "percent_covered_display": "100", "missing_lines": 0, "excluded_lines": 0}, "missing_lines": [], "excluded_lines": []}, "DatasetConfig": {"executed_lines": [418, 424, 425, 426], "summary": {"covered_lines": 4, "num_statements": 4, "percent_covered": 100.0, "percent_covered_display": "100", "missing_lines": 0, "excluded_lines": 0}, "missing_lines": [], "excluded_lines": []}, "PreprocessingConfig": {"executed_lines": [], "summary": {"covered_lines": 0, "num_statements": 0, "percent_covered": 100.0, "percent_covered_display": "100", "missing_lines": 0, "excluded_lines": 0}, "missing_lines": [], "excluded_lines": []}, "EngineConfig": {"executed_lines": [480, 482, 483, 484, 490, 492, 493, 494], "summary": {"covered_lines": 8, "num_statements": 8, "percent_covered": 100.0, "percent_covered_display": "100", "missing_lines": 0, "excluded_lines": 0}, "missing_lines": [], "excluded_lines": []}, "R2Config": {"executed_lines": [537, 539, 541, 547, 549, 570], "summary": {"covered_lines": 6, "num_statements": 14, "percent_covered": 42.857142857142854, "percent_covered_display": "43", "missing_lines": 8, "excluded_lines": 0}, "missing_lines": [538, 540, 548, 553, 561, 562, 563, 564], "excluded_lines": []}, "MetricsConfig": {"executed_lines": [], "summary": {"covered_lines": 0, "num_statements": 0, "percent_covered": 100.0, "percent_covered_display": "100", "missing_lines": 0, "excluded_lines": 0}, "missing_lines": [], "excluded_lines": []}, "AppConfig": {"executed_lines": [633, 634, 636, 638, 640, 641, 642, 645, 646, 647, 648, 649, 650, 652, 654, 655, 657, 658, 660, 663, 667, 681, 682, 683, 684, 685, 698, 701, 702, 703, 704, 706, 708, 711, 713, 717, 718, 719, 721], "summary": {"covered_lines": 39, "num_statements": 52, "percent_covered": 75.0, "percent_covered_display": "75", "missing_lines": 13, "excluded_lines": 0}, "missing_lines": [661, 664, 668, 669, 670, 671, 672, 674, 676, 707, 709, 712, 714], "excluded_lines": []}, "load_config_from_yaml.TempConfig": {"executed_lines": [], "summary": {"covered_lines": 0, "num_statements": 0, "percent_covered": 100.0, "percent_covered_display": "100", "missing_lines": 0, "excluded_lines": 0}, "missing_lines": [], "excluded_lines": []}, "": {"executed_lines": [1, 3, 4, 5, 6, 7, 9, 10, 11, 13, 31, 34, 35, 36, 37, 40, 41, 42, 43, 44, 45, 49, 52, 79, 89, 108, 112, 119, 120, 123, 124, 132, 135, 136, 140, 142, 143, 145, 146, 148, 153, 232, 238, 241, 244, 247, 250, 251, 258, 260, 261, 262, 263, 265, 266, 267, 273, 274, 281, 283, 284, 285, 286, 289, 290, 297, 299, 300, 301, 304, 305, 312, 314, 315, 316, 319, 320, 321, 322, 323, 324, 327, 330, 331, 334, 335, 336, 338, 339, 340, 344, 345, 346, 353, 354, 361, 363, 364, 365, 368, 369, 370, 371, 372, 373, 376, 377, 380, 381, 384, 385, 388, 389, 390, 392, 393, 394, 399, 400, 407, 409, 410, 411, 412, 414, 415, 416, 420, 421, 422, 429, 430, 431, 434, 435, 442, 444, 445, 446, 447, 448, 451, 452, 459, 462, 463, 466, 476, 477, 478, 486, 487, 488, 497, 498, 499, 502, 506, 507, 510, 511, 514, 517, 518, 525, 527, 528, 529, 530, 531, 533, 534, 535, 543, 544, 545, 551, 559, 566, 567, 573, 574, 581, 583, 584, 585, 586, 589, 590, 592, 601, 605, 606, 609, 610, 611, 614, 615, 618, 619, 620, 623, 624, 625, 626, 627, 629, 678, 679, 687, 688, 724, 726, 728, 729, 731, 732, 733, 735, 736, 738, 739, 743, 745, 746, 752, 755, 756, 757, 758, 762, 765, 766, 768, 770, 771, 773, 774, 776, 779, 788, 789, 792], "summary": {"covered_lines": 241, "num_statements": 303, "percent_covered": 79.53795379537954, "percent_covered_display": "80", "missing_lines": 62, "excluded_lines": 0}, "missing_lines": [54, 62, 63, 70, 76, 81, 82, 83, 84, 85, 86, 109, 133, 137, 149, 150, 152, 156, 157, 158, 159, 162, 165, 170, 171, 173, 174, 175, 178, 179, 182, 183, 184, 185, 186, 188, 189, 190, 191, 193, 195, 196, 202, 203, 206, 208, 209, 211, 212, 215, 216, 219, 220, 222, 224, 225, 226, 227, 229, 239, 245, 753], "excluded_lines": []}}}, "src/anonymizer/core/exceptions.py": {"executed_lines": [1, 3, 6, 7, 9, 10, 11, 14, 15, 18, 19, 22, 23, 26, 27, 30, 31, 34, 35, 38, 39, 42, 43, 46, 47, 50, 51, 54, 55, 59, 60, 62, 63, 66, 67, 69, 70, 73, 74, 76, 80, 81, 83, 84, 87, 88, 90, 94, 95, 97, 101, 102, 104, 108, 109, 111, 118, 119, 121, 125, 126, 128, 132, 133, 135, 139, 140, 142, 143, 146, 147, 149, 153, 154, 156, 160, 161, 163, 167, 168, 170, 171, 174, 175, 177, 178, 181, 182, 184, 185, 188, 189, 191, 192, 195, 196, 198, 199, 202, 203, 205, 206, 209, 210, 212, 217, 218, 220, 221, 224, 225, 227, 228, 231, 232, 234, 235, 238, 239, 241, 242, 245, 246, 248, 252, 253, 255, 256, 259, 260, 262, 263, 266, 267, 269, 270, 273, 274, 276, 277, 280, 281, 283, 284, 287, 288, 290, 291, 294, 295, 297, 298, 301, 302, 304, 305, 308, 309, 311, 312, 315, 316, 318, 319, 322, 323, 325, 326, 329, 330, 332, 333, 336, 337, 339, 343, 344, 346, 347, 350, 351, 353, 357, 358, 360, 364, 365, 367, 368, 372, 373, 375, 379, 380, 382, 383, 386, 387, 389, 390, 393, 394, 396, 397, 400, 401, 403, 407, 408, 410, 414, 415, 417, 421, 422, 424, 428, 429, 431, 435, 436, 438, 442, 443, 445, 449, 450, 452, 453, 456, 457, 459, 463, 464, 466, 470, 471, 473, 477, 478, 480, 484, 485, 487, 488, 491, 492, 494, 498, 499, 501, 505, 506, 508, 512, 513, 515, 519, 520, 522, 523, 526, 527, 529, 533, 534, 536, 540, 541, 543, 547, 548, 550, 554, 555, 557, 558, 561, 562, 564, 565, 572, 573, 575, 576, 579, 580, 582, 586, 587, 589, 593, 594, 596, 597, 602, 603, 605, 606, 609, 610, 612, 616, 617, 619, 624, 625, 627, 631, 632, 634, 638, 639, 641, 647, 648, 650, 655, 656, 658, 659, 662, 663, 665, 666, 669, 670, 672, 673, 676, 677, 679, 680, 683, 684, 686, 687, 691, 692, 694, 699, 700, 702, 707, 708, 710, 711, 714, 715, 717, 721, 722, 724, 729, 730, 733, 734, 736, 740, 741, 743, 747, 748, 750, 754, 755, 757, 761, 762, 764, 768, 769, 771, 775, 776, 778, 779, 782, 783, 785, 786, 789, 790, 792, 793, 796, 797, 799, 803, 804, 806, 810, 811, 813, 814, 817, 818, 820, 824, 825, 827, 832, 833, 836, 837, 839, 843, 844, 846, 850, 851, 853, 857, 858, 860, 864, 865, 867, 871, 872, 874, 878, 879, 881, 885, 886, 888, 892, 893, 895, 900, 901, 903, 907, 908, 910, 914, 915, 917, 921, 922, 924, 928, 929, 931, 935, 936, 938, 942, 943, 945, 949, 950, 952, 956, 957, 959, 963, 964, 966, 971, 972, 974, 978, 979, 981, 985, 986, 988, 992, 993, 995, 999, 1000, 1002, 1006, 1007, 1009, 1014, 1015, 1017, 1021, 1022, 1024, 1028, 1029, 1031, 1035, 1036, 1038, 1042, 1043, 1045, 1049, 1050, 1052, 1056, 1057, 1059, 1064, 1065, 1067, 1071, 1072, 1074, 1079, 1080, 1083, 1084, 1086, 1090, 1091, 1093, 1097, 1098, 1100, 1104, 1105, 1107, 1112, 1113, 1116, 1117, 1119, 1123, 1124, 1126, 1131, 1132, 1135, 1136, 1138, 1142, 1143, 1145, 1150, 1151, 1153, 1154, 1157, 1158, 1160, 1161, 1164, 1165, 1167, 1171, 1172, 1174, 1178, 1179, 1181, 1182, 1185, 1186, 1188, 1189, 1192, 1193, 1195, 1196, 1199, 1200, 1202, 1203, 1207, 1208, 1210, 1214, 1215, 1217, 1221, 1222, 1224, 1228, 1229, 1231, 1235, 1236, 1238, 1242, 1243, 1245, 1249, 1250, 1252, 1253, 1256, 1257, 1259, 1263, 1264, 1266, 1270, 1271, 1273, 1277, 1278, 1280, 1284, 1285, 1287, 1291, 1292, 1294, 1298, 1299, 1301, 1305, 1306, 1308, 1312, 1313, 1315, 1319, 1320, 1322, 1326, 1327, 1329, 1334, 1335, 1337, 1338, 1341, 1342, 1344, 1345, 1348, 1349, 1351, 1355, 1356, 1358, 1359, 1362, 1363, 1365, 1369, 1370, 1372, 1373, 1376, 1377, 1379, 1383, 1384, 1386, 1391, 1392, 1394, 1395, 1398, 1399, 1401, 1402, 1407, 1408, 1410, 1411, 1416, 1417, 1419, 1420, 1424, 1425, 1427, 1428, 1431, 1432, 1434, 1435, 1438, 1439, 1441, 1446, 1447, 1449, 1450, 1453, 1454, 1456, 1457], "summary": {"covered_lines": 473, "num_statements": 597, "percent_covered": 79.22948073701842, "percent_covered_display": "79", "missing_lines": 124, "excluded_lines": 0}, "missing_lines": [77, 91, 98, 105, 112, 122, 129, 136, 150, 157, 164, 213, 249, 340, 354, 361, 376, 404, 411, 418, 425, 432, 439, 446, 460, 467, 474, 481, 495, 502, 509, 516, 530, 537, 544, 551, 583, 590, 613, 620, 628, 635, 642, 651, 695, 703, 718, 725, 737, 744, 751, 758, 765, 772, 800, 807, 821, 828, 840, 847, 854, 861, 868, 875, 882, 889, 896, 904, 911, 918, 925, 932, 939, 946, 953, 960, 967, 975, 982, 989, 996, 1003, 1010, 1018, 1025, 1032, 1039, 1046, 1053, 1060, 1068, 1075, 1087, 1094, 1101, 1108, 1120, 1127, 1139, 1146, 1168, 1175, 1211, 1218, 1225, 1232, 1239, 1246, 1260, 1267, 1274, 1281, 1288, 1295, 1302, 1309, 1316, 1323, 1330, 1352, 1366, 1380, 1387, 1442], "excluded_lines": [], "functions": {"AnonymizerError.__init__": {"executed_lines": [10, 11], "summary": {"covered_lines": 2, "num_statements": 2, "percent_covered": 100.0, "percent_covered_display": "100", "missing_lines": 0, "excluded_lines": 0}, "missing_lines": [], "excluded_lines": []}, "EmptyBatchError.__init__": {"executed_lines": [63], "summary": {"covered_lines": 1, "num_statements": 1, "percent_covered": 100.0, "percent_covered_display": "100", "missing_lines": 0, "excluded_lines": 0}, "missing_lines": [], "excluded_lines": []}, "DuplicateItemError.__init__": {"executed_lines": [70], "summary": {"covered_lines": 1, "num_statements": 1, "percent_covered": 100.0, "percent_covered_display": "100", "missing_lines": 0, "excluded_lines": 0}, "missing_lines": [], "excluded_lines": []}, "InputFileNotFoundError.__init__": {"executed_lines": [], "summary": {"covered_lines": 0, "num_statements": 1, "percent_covered": 0.0, "percent_covered_display": "0", "missing_lines": 1, "excluded_lines": 0}, "missing_lines": [77], "excluded_lines": []}, "NoImageFilesError.__init__": {"executed_lines": [84], "summary": {"covered_lines": 1, "num_statements": 1, "percent_covered": 100.0, "percent_covered_display": "100", "missing_lines": 0, "excluded_lines": 0}, "missing_lines": [], "excluded_lines": []}, "ModalNotAvailableError.__init__": {"executed_lines": [], "summary": {"covered_lines": 0, "num_statements": 1, "percent_covered": 0.0, "percent_covered_display": "0", "missing_lines": 1, "excluded_lines": 0}, "missing_lines": [91], "excluded_lines": []}, "PathSecurityError.__init__": {"executed_lines": [], "summary": {"covered_lines": 0, "num_statements": 1, "percent_covered": 0.0, "percent_covered_display": "0", "missing_lines": 1, "excluded_lines": 0}, "missing_lines": [98], "excluded_lines": []}, "PathResolutionError.__init__": {"executed_lines": [], "summary": {"covered_lines": 0, "num_statements": 1, "percent_covered": 0.0, "percent_covered_display": "0", "missing_lines": 1, "excluded_lines": 0}, "missing_lines": [105], "excluded_lines": []}, "PathNotAllowedError.__init__": {"executed_lines": [], "summary": {"covered_lines": 0, "num_statements": 1, "percent_covered": 0.0, "percent_covered_display": "0", "missing_lines": 1, "excluded_lines": 0}, "missing_lines": [112], "excluded_lines": []}, "PathDepthError.__init__": {"executed_lines": [], "summary": {"covered_lines": 0, "num_statements": 1, "percent_covered": 0.0, "percent_covered_display": "0", "missing_lines": 1, "excluded_lines": 0}, "missing_lines": [122], "excluded_lines": []}, "InvalidPathError.__init__": {"executed_lines": [], "summary": {"covered_lines": 0, "num_statements": 1, "percent_covered": 0.0, "percent_covered_display": "0", "missing_lines": 1, "excluded_lines": 0}, "missing_lines": [129], "excluded_lines": []}, "UnsupportedFileExtensionError.__init__": {"executed_lines": [], "summary": {"covered_lines": 0, "num_statements": 1, "percent_covered": 0.0, "percent_covered_display": "0", "missing_lines": 1, "excluded_lines": 0}, "missing_lines": [136], "excluded_lines": []}, "BetasValidationError.__init__": {"executed_lines": [143], "summary": {"covered_lines": 1, "num_statements": 1, "percent_covered": 100.0, "percent_covered_display": "100", "missing_lines": 0, "excluded_lines": 0}, "missing_lines": [], "excluded_lines": []}, "EmptyCredentialError.__init__": {"executed_lines": [], "summary": {"covered_lines": 0, "num_statements": 1, "percent_covered": 0.0, "percent_covered_display": "0", "missing_lines": 1, "excluded_lines": 0}, "missing_lines": [150], "excluded_lines": []}, "ShortCredentialError.__init__": {"executed_lines": [], "summary": {"covered_lines": 0, "num_statements": 1, "percent_covered": 0.0, "percent_covered_display": "0", "missing_lines": 1, "excluded_lines": 0}, "missing_lines": [157], "excluded_lines": []}, "InvalidEndpointUrlError.__init__": {"executed_lines": [], "summary": {"covered_lines": 0, "num_statements": 1, "percent_covered": 0.0, "percent_covered_display": "0", "missing_lines": 1, "excluded_lines": 0}, "missing_lines": [164], "excluded_lines": []}, "ConfigFileNotFoundError.__init__": {"executed_lines": [171], "summary": {"covered_lines": 1, "num_statements": 1, "percent_covered": 100.0, "percent_covered_display": "100", "missing_lines": 0, "excluded_lines": 0}, "missing_lines": [], "excluded_lines": []}, "EmptyConfigFileError.__init__": {"executed_lines": [178], "summary": {"covered_lines": 1, "num_statements": 1, "percent_covered": 100.0, "percent_covered_display": "100", "missing_lines": 0, "excluded_lines": 0}, "missing_lines": [], "excluded_lines": []}, "InvalidYamlError.__init__": {"executed_lines": [185], "summary": {"covered_lines": 1, "num_statements": 1, "percent_covered": 100.0, "percent_covered_display": "100", "missing_lines": 0, "excluded_lines": 0}, "missing_lines": [], "excluded_lines": []}, "ConfigLoadError.__init__": {"executed_lines": [192], "summary": {"covered_lines": 1, "num_statements": 1, "percent_covered": 100.0, "percent_covered_display": "100", "missing_lines": 0, "excluded_lines": 0}, "missing_lines": [], "excluded_lines": []}, "RightNotGreaterThanLeftError.__init__": {"executed_lines": [199], "summary": {"covered_lines": 1, "num_statements": 1, "percent_covered": 100.0, "percent_covered_display": "100", "missing_lines": 0, "excluded_lines": 0}, "missing_lines": [], "excluded_lines": []}, "BottomNotGreaterThanTopError.__init__": {"executed_lines": [206], "summary": {"covered_lines": 1, "num_statements": 1, "percent_covered": 100.0, "percent_covered_display": "100", "missing_lines": 0, "excluded_lines": 0}, "missing_lines": [], "excluded_lines": []}, "InvalidStyleError.__init__": {"executed_lines": [], "summary": {"covered_lines": 0, "num_statements": 1, "percent_covered": 0.0, "percent_covered_display": "0", "missing_lines": 1, "excluded_lines": 0}, "missing_lines": [213], "excluded_lines": []}, "ImageNotFoundError.__init__": {"executed_lines": [221], "summary": {"covered_lines": 1, "num_statements": 1, "percent_covered": 100.0, "percent_covered_display": "100", "missing_lines": 0, "excluded_lines": 0}, "missing_lines": [], "excluded_lines": []}, "InsufficientTextRegionsError.__init__": {"executed_lines": [228], "summary": {"covered_lines": 1, "num_statements": 1, "percent_covered": 100.0, "percent_covered_display": "100", "missing_lines": 0, "excluded_lines": 0}, "missing_lines": [], "excluded_lines": []}, "BoundingBoxOutOfBoundsError.__init__": {"executed_lines": [235], "summary": {"covered_lines": 1, "num_statements": 1, "percent_covered": 100.0, "percent_covered_display": "100", "missing_lines": 0, "excluded_lines": 0}, "missing_lines": [], "excluded_lines": []}, "ImageTooLargeError.__init__": {"executed_lines": [242], "summary": {"covered_lines": 1, "num_statements": 1, "percent_covered": 100.0, "percent_covered_display": "100", "missing_lines": 0, "excluded_lines": 0}, "missing_lines": [], "excluded_lines": []}, "UnsupportedImageFormatError.__init__": {"executed_lines": [], "summary": {"covered_lines": 0, "num_statements": 1, "percent_covered": 0.0, "percent_covered_display": "0", "missing_lines": 1, "excluded_lines": 0}, "missing_lines": [249], "excluded_lines": []}, "ImageDimensionsTooLargeError.__init__": {"executed_lines": [256], "summary": {"covered_lines": 1, "num_statements": 1, "percent_covered": 100.0, "percent_covered_display": "100", "missing_lines": 0, "excluded_lines": 0}, "missing_lines": [], "excluded_lines": []}, "ImageDimensionsTooSmallError.__init__": {"executed_lines": [263], "summary": {"covered_lines": 1, "num_statements": 1, "percent_covered": 100.0, "percent_covered_display": "100", "missing_lines": 0, "excluded_lines": 0}, "missing_lines": [], "excluded_lines": []}, "InvalidImageDataError.__init__": {"executed_lines": [270], "summary": {"covered_lines": 1, "num_statements": 1, "percent_covered": 100.0, "percent_covered_display": "100", "missing_lines": 0, "excluded_lines": 0}, "missing_lines": [], "excluded_lines": []}, "UnexpectedImageDtypeError.__init__": {"executed_lines": [277], "summary": {"covered_lines": 1, "num_statements": 1, "percent_covered": 100.0, "percent_covered_display": "100", "missing_lines": 0, "excluded_lines": 0}, "missing_lines": [], "excluded_lines": []}, "UnexpectedImageShapeError.__init__": {"executed_lines": [284], "summary": {"covered_lines": 1, "num_statements": 1, "percent_covered": 100.0, "percent_covered_display": "100", "missing_lines": 0, "excluded_lines": 0}, "missing_lines": [], "excluded_lines": []}, "TextTooShortError.__init__": {"executed_lines": [291], "summary": {"covered_lines": 1, "num_statements": 1, "percent_covered": 100.0, "percent_covered_display": "100", "missing_lines": 0, "excluded_lines": 0}, "missing_lines": [], "excluded_lines": []}, "TextTooLongError.__init__": {"executed_lines": [298], "summary": {"covered_lines": 1, "num_statements": 1, "percent_covered": 100.0, "percent_covered_display": "100", "missing_lines": 0, "excluded_lines": 0}, "missing_lines": [], "excluded_lines": []}, "NegativeCoordinatesError.__init__": {"executed_lines": [305], "summary": {"covered_lines": 1, "num_statements": 1, "percent_covered": 100.0, "percent_covered_display": "100", "missing_lines": 0, "excluded_lines": 0}, "missing_lines": [], "excluded_lines": []}, "BoundingBoxExceedsImageError.__init__": {"executed_lines": [312], "summary": {"covered_lines": 1, "num_statements": 1, "percent_covered": 100.0, "percent_covered_display": "100", "missing_lines": 0, "excluded_lines": 0}, "missing_lines": [], "excluded_lines": []}, "BoundingBoxTooSmallError.__init__": {"executed_lines": [319], "summary": {"covered_lines": 1, "num_statements": 1, "percent_covered": 100.0, "percent_covered_display": "100", "missing_lines": 0, "excluded_lines": 0}, "missing_lines": [], "excluded_lines": []}, "NoAnnotationFilesError.__init__": {"executed_lines": [326], "summary": {"covered_lines": 1, "num_statements": 1, "percent_covered": 100.0, "percent_covered_display": "100", "missing_lines": 0, "excluded_lines": 0}, "missing_lines": [], "excluded_lines": []}, "NoValidSamplesError.__init__": {"executed_lines": [333], "summary": {"covered_lines": 1, "num_statements": 1, "percent_covered": 100.0, "percent_covered_display": "100", "missing_lines": 0, "excluded_lines": 0}, "missing_lines": [], "excluded_lines": []}, "MissingImageNameError.__init__": {"executed_lines": [], "summary": {"covered_lines": 0, "num_statements": 1, "percent_covered": 0.0, "percent_covered_display": "0", "missing_lines": 1, "excluded_lines": 0}, "missing_lines": [340], "excluded_lines": []}, "EmptyDatasetError.__init__": {"executed_lines": [347], "summary": {"covered_lines": 1, "num_statements": 1, "percent_covered": 100.0, "percent_covered_display": "100", "missing_lines": 0, "excluded_lines": 0}, "missing_lines": [], "excluded_lines": []}, "ScaledBoundingBoxTooSmallError.__init__": {"executed_lines": [], "summary": {"covered_lines": 0, "num_statements": 1, "percent_covered": 0.0, "percent_covered_display": "0", "missing_lines": 1, "excluded_lines": 0}, "missing_lines": [354], "excluded_lines": []}, "NoValidTextRegionsError.__init__": {"executed_lines": [], "summary": {"covered_lines": 0, "num_statements": 1, "percent_covered": 0.0, "percent_covered_display": "0", "missing_lines": 1, "excluded_lines": 0}, "missing_lines": [361], "excluded_lines": []}, "EmptyBatchAfterFilteringError.__init__": {"executed_lines": [368], "summary": {"covered_lines": 1, "num_statements": 1, "percent_covered": 100.0, "percent_covered_display": "100", "missing_lines": 0, "excluded_lines": 0}, "missing_lines": [], "excluded_lines": []}, "DistributedTrainingSetupError.__init__": {"executed_lines": [], "summary": {"covered_lines": 0, "num_statements": 1, "percent_covered": 0.0, "percent_covered_display": "0", "missing_lines": 1, "excluded_lines": 0}, "missing_lines": [376], "excluded_lines": []}, "UNetChannelMismatchError.__init__": {"executed_lines": [383], "summary": {"covered_lines": 1, "num_statements": 1, "percent_covered": 100.0, "percent_covered_display": "100", "missing_lines": 0, "excluded_lines": 0}, "missing_lines": [], "excluded_lines": []}, "UNetInitializationError.__init__": {"executed_lines": [390], "summary": {"covered_lines": 1, "num_statements": 1, "percent_covered": 100.0, "percent_covered_display": "100", "missing_lines": 0, "excluded_lines": 0}, "missing_lines": [], "excluded_lines": []}, "VAEInitializationError.__init__": {"executed_lines": [397], "summary": {"covered_lines": 1, "num_statements": 1, "percent_covered": 100.0, "percent_covered_display": "100", "missing_lines": 0, "excluded_lines": 0}, "missing_lines": [], "excluded_lines": []}, "VAETrainingFailedError.__init__": {"executed_lines": [], "summary": {"covered_lines": 0, "num_statements": 1, "percent_covered": 0.0, "percent_covered_display": "0", "missing_lines": 1, "excluded_lines": 0}, "missing_lines": [404], "excluded_lines": []}, "UNetTrainingFailedError.__init__": {"executed_lines": [], "summary": {"covered_lines": 0, "num_statements": 1, "percent_covered": 0.0, "percent_covered_display": "0", "missing_lines": 1, "excluded_lines": 0}, "missing_lines": [411], "excluded_lines": []}, "VAEEncodingError.__init__": {"executed_lines": [], "summary": {"covered_lines": 0, "num_statements": 1, "percent_covered": 0.0, "percent_covered_display": "0", "missing_lines": 1, "excluded_lines": 0}, "missing_lines": [418], "excluded_lines": []}, "VAEDecodingError.__init__": {"executed_lines": [], "summary": {"covered_lines": 0, "num_statements": 1, "percent_covered": 0.0, "percent_covered_display": "0", "missing_lines": 1, "excluded_lines": 0}, "missing_lines": [425], "excluded_lines": []}, "TrOCRInitializationError.__init__": {"executed_lines": [], "summary": {"covered_lines": 0, "num_statements": 1, "percent_covered": 0.0, "percent_covered_display": "0", "missing_lines": 1, "excluded_lines": 0}, "missing_lines": [432], "excluded_lines": []}, "NoiseSchedulerInitializationError.__init__": {"executed_lines": [], "summary": {"covered_lines": 0, "num_statements": 1, "percent_covered": 0.0, "percent_covered_display": "0", "missing_lines": 1, "excluded_lines": 0}, "missing_lines": [439], "excluded_lines": []}, "TextProjectionSetupError.__init__": {"executed_lines": [], "summary": {"covered_lines": 0, "num_statements": 1, "percent_covered": 0.0, "percent_covered_display": "0", "missing_lines": 1, "excluded_lines": 0}, "missing_lines": [446], "excluded_lines": []}, "OptimizerInitializationError.__init__": {"executed_lines": [453], "summary": {"covered_lines": 1, "num_statements": 1, "percent_covered": 100.0, "percent_covered_display": "100", "missing_lines": 0, "excluded_lines": 0}, "missing_lines": [], "excluded_lines": []}, "LearningRateSchedulerError.__init__": {"executed_lines": [], "summary": {"covered_lines": 0, "num_statements": 1, "percent_covered": 0.0, "percent_covered_display": "0", "missing_lines": 1, "excluded_lines": 0}, "missing_lines": [460], "excluded_lines": []}, "TextEmbeddingError.__init__": {"executed_lines": [], "summary": {"covered_lines": 0, "num_statements": 1, "percent_covered": 0.0, "percent_covered_display": "0", "missing_lines": 1, "excluded_lines": 0}, "missing_lines": [467], "excluded_lines": []}, "TextConditioningError.__init__": {"executed_lines": [], "summary": {"covered_lines": 0, "num_statements": 1, "percent_covered": 0.0, "percent_covered_display": "0", "missing_lines": 1, "excluded_lines": 0}, "missing_lines": [474], "excluded_lines": []}, "LatentEncodingError.__init__": {"executed_lines": [], "summary": {"covered_lines": 0, "num_statements": 1, "percent_covered": 0.0, "percent_covered_display": "0", "missing_lines": 1, "excluded_lines": 0}, "missing_lines": [481], "excluded_lines": []}, "TrainingStepError.__init__": {"executed_lines": [488], "summary": {"covered_lines": 1, "num_statements": 1, "percent_covered": 100.0, "percent_covered_display": "100", "missing_lines": 0, "excluded_lines": 0}, "missing_lines": [], "excluded_lines": []}, "ValidationStepError.__init__": {"executed_lines": [], "summary": {"covered_lines": 0, "num_statements": 1, "percent_covered": 0.0, "percent_covered_display": "0", "missing_lines": 1, "excluded_lines": 0}, "missing_lines": [495], "excluded_lines": []}, "CheckpointSaveError.__init__": {"executed_lines": [], "summary": {"covered_lines": 0, "num_statements": 1, "percent_covered": 0.0, "percent_covered_display": "0", "missing_lines": 1, "excluded_lines": 0}, "missing_lines": [502], "excluded_lines": []}, "TrainingLoopError.__init__": {"executed_lines": [], "summary": {"covered_lines": 0, "num_statements": 1, "percent_covered": 0.0, "percent_covered_display": "0", "missing_lines": 1, "excluded_lines": 0}, "missing_lines": [509], "excluded_lines": []}, "UNetNotInitializedError.__init__": {"executed_lines": [], "summary": {"covered_lines": 0, "num_statements": 1, "percent_covered": 0.0, "percent_covered_display": "0", "missing_lines": 1, "excluded_lines": 0}, "missing_lines": [516], "excluded_lines": []}, "TrOCRNotInitializedError.__init__": {"executed_lines": [523], "summary": {"covered_lines": 1, "num_statements": 1, "percent_covered": 100.0, "percent_covered_display": "100", "missing_lines": 0, "excluded_lines": 0}, "missing_lines": [], "excluded_lines": []}, "VAESchedulerNotInitializedError.__init__": {"executed_lines": [], "summary": {"covered_lines": 0, "num_statements": 1, "percent_covered": 0.0, "percent_covered_display": "0", "missing_lines": 1, "excluded_lines": 0}, "missing_lines": [530], "excluded_lines": []}, "ValidationEpochError.__init__": {"executed_lines": [], "summary": {"covered_lines": 0, "num_statements": 1, "percent_covered": 0.0, "percent_covered_display": "0", "missing_lines": 1, "excluded_lines": 0}, "missing_lines": [537], "excluded_lines": []}, "OptimizerNotInitializedError.__init__": {"executed_lines": [], "summary": {"covered_lines": 0, "num_statements": 1, "percent_covered": 0.0, "percent_covered_display": "0", "missing_lines": 1, "excluded_lines": 0}, "missing_lines": [544], "excluded_lines": []}, "UNetValidationNotInitializedError.__init__": {"executed_lines": [], "summary": {"covered_lines": 0, "num_statements": 1, "percent_covered": 0.0, "percent_covered_display": "0", "missing_lines": 1, "excluded_lines": 0}, "missing_lines": [551], "excluded_lines": []}, "UnsupportedOptimizerError.__init__": {"executed_lines": [558], "summary": {"covered_lines": 1, "num_statements": 1, "percent_covered": 100.0, "percent_covered_display": "100", "missing_lines": 0, "excluded_lines": 0}, "missing_lines": [], "excluded_lines": []}, "InvalidLossError.__init__": {"executed_lines": [565], "summary": {"covered_lines": 1, "num_statements": 1, "percent_covered": 100.0, "percent_covered_display": "100", "missing_lines": 0, "excluded_lines": 0}, "missing_lines": [], "excluded_lines": []}, "VAENotInitializedError.__init__": {"executed_lines": [576], "summary": {"covered_lines": 1, "num_statements": 1, "percent_covered": 100.0, "percent_covered_display": "100", "missing_lines": 0, "excluded_lines": 0}, "missing_lines": [], "excluded_lines": []}, "VAEOptimizerNotInitializedError.__init__": {"executed_lines": [], "summary": {"covered_lines": 0, "num_statements": 1, "percent_covered": 0.0, "percent_covered_display": "0", "missing_lines": 1, "excluded_lines": 0}, "missing_lines": [583], "excluded_lines": []}, "DistributedTrainingSetupFailedError.__init__": {"executed_lines": [], "summary": {"covered_lines": 0, "num_statements": 1, "percent_covered": 0.0, "percent_covered_display": "0", "missing_lines": 1, "excluded_lines": 0}, "missing_lines": [590], "excluded_lines": []}, "InvalidLossDetectedError.__init__": {"executed_lines": [597], "summary": {"covered_lines": 1, "num_statements": 1, "percent_covered": 100.0, "percent_covered_display": "100", "missing_lines": 0, "excluded_lines": 0}, "missing_lines": [], "excluded_lines": []}, "TrainingStepFailedError.__init__": {"executed_lines": [606], "summary": {"covered_lines": 1, "num_statements": 1, "percent_covered": 100.0, "percent_covered_display": "100", "missing_lines": 0, "excluded_lines": 0}, "missing_lines": [], "excluded_lines": []}, "CheckpointSaveFailedError.__init__": {"executed_lines": [], "summary": {"covered_lines": 0, "num_statements": 1, "percent_covered": 0.0, "percent_covered_display": "0", "missing_lines": 1, "excluded_lines": 0}, "missing_lines": [613], "excluded_lines": []}, "ModelArtifactsSaveFailedError.__init__": {"executed_lines": [], "summary": {"covered_lines": 0, "num_statements": 1, "percent_covered": 0.0, "percent_covered_display": "0", "missing_lines": 1, "excluded_lines": 0}, "missing_lines": [620], "excluded_lines": []}, "URLNotAllowedError.__init__": {"executed_lines": [], "summary": {"covered_lines": 0, "num_statements": 1, "percent_covered": 0.0, "percent_covered_display": "0", "missing_lines": 1, "excluded_lines": 0}, "missing_lines": [628], "excluded_lines": []}, "DownloadSizeMismatchError.__init__": {"executed_lines": [], "summary": {"covered_lines": 0, "num_statements": 1, "percent_covered": 0.0, "percent_covered_display": "0", "missing_lines": 1, "excluded_lines": 0}, "missing_lines": [635], "excluded_lines": []}, "InsufficientDiskSpaceError.__init__": {"executed_lines": [], "summary": {"covered_lines": 0, "num_statements": 1, "percent_covered": 0.0, "percent_covered_display": "0", "missing_lines": 1, "excluded_lines": 0}, "missing_lines": [642], "excluded_lines": []}, "DownloadFailedAfterRetriesError.__init__": {"executed_lines": [], "summary": {"covered_lines": 0, "num_statements": 1, "percent_covered": 0.0, "percent_covered_display": "0", "missing_lines": 1, "excluded_lines": 0}, "missing_lines": [651], "excluded_lines": []}, "ModelNameAndUrlRequiredError.__init__": {"executed_lines": [659], "summary": {"covered_lines": 1, "num_statements": 1, "percent_covered": 100.0, "percent_covered_display": "100", "missing_lines": 0, "excluded_lines": 0}, "missing_lines": [], "excluded_lines": []}, "UnsupportedChecksumTypeError.__init__": {"executed_lines": [666], "summary": {"covered_lines": 1, "num_statements": 1, "percent_covered": 100.0, "percent_covered_display": "100", "missing_lines": 0, "excluded_lines": 0}, "missing_lines": [], "excluded_lines": []}, "MaxWorkersPositiveError.__init__": {"executed_lines": [673], "summary": {"covered_lines": 1, "num_statements": 1, "percent_covered": 100.0, "percent_covered_display": "100", "missing_lines": 0, "excluded_lines": 0}, "missing_lines": [], "excluded_lines": []}, "TimeoutSecondsPositiveError.__init__": {"executed_lines": [680], "summary": {"covered_lines": 1, "num_statements": 1, "percent_covered": 100.0, "percent_covered_display": "100", "missing_lines": 0, "excluded_lines": 0}, "missing_lines": [], "excluded_lines": []}, "MaxCacheSizePositiveError.__init__": {"executed_lines": [687], "summary": {"covered_lines": 1, "num_statements": 1, "percent_covered": 100.0, "percent_covered_display": "100", "missing_lines": 0, "excluded_lines": 0}, "missing_lines": [], "excluded_lines": []}, "UnsupportedHTTPMethodError.__init__": {"executed_lines": [], "summary": {"covered_lines": 0, "num_statements": 1, "percent_covered": 0.0, "percent_covered_display": "0", "missing_lines": 1, "excluded_lines": 0}, "missing_lines": [695], "excluded_lines": []}, "ChecksumVerificationFailedError.__init__": {"executed_lines": [], "summary": {"covered_lines": 0, "num_statements": 1, "percent_covered": 0.0, "percent_covered_display": "0", "missing_lines": 1, "excluded_lines": 0}, "missing_lines": [703], "excluded_lines": []}, "EmptyTextError.__init__": {"executed_lines": [711], "summary": {"covered_lines": 1, "num_statements": 1, "percent_covered": 100.0, "percent_covered_display": "100", "missing_lines": 0, "excluded_lines": 0}, "missing_lines": [], "excluded_lines": []}, "TextRenderingFailedError.__init__": {"executed_lines": [], "summary": {"covered_lines": 0, "num_statements": 1, "percent_covered": 0.0, "percent_covered_display": "0", "missing_lines": 1, "excluded_lines": 0}, "missing_lines": [718], "excluded_lines": []}, "EmptyTextListError.__init__": {"executed_lines": [], "summary": {"covered_lines": 0, "num_statements": 1, "percent_covered": 0.0, "percent_covered_display": "0", "missing_lines": 1, "excluded_lines": 0}, "missing_lines": [725], "excluded_lines": []}, "ImageDecodeError.__init__": {"executed_lines": [], "summary": {"covered_lines": 0, "num_statements": 1, "percent_covered": 0.0, "percent_covered_display": "0", "missing_lines": 1, "excluded_lines": 0}, "missing_lines": [737], "excluded_lines": []}, "ImageEncodeError.__init__": {"executed_lines": [], "summary": {"covered_lines": 0, "num_statements": 1, "percent_covered": 0.0, "percent_covered_display": "0", "missing_lines": 1, "excluded_lines": 0}, "missing_lines": [744], "excluded_lines": []}, "ArrayConversionError.__init__": {"executed_lines": [], "summary": {"covered_lines": 0, "num_statements": 1, "percent_covered": 0.0, "percent_covered_display": "0", "missing_lines": 1, "excluded_lines": 0}, "missing_lines": [751], "excluded_lines": []}, "PillowDecodeError.__init__": {"executed_lines": [], "summary": {"covered_lines": 0, "num_statements": 1, "percent_covered": 0.0, "percent_covered_display": "0", "missing_lines": 1, "excluded_lines": 0}, "missing_lines": [758], "excluded_lines": []}, "TensorConversionError.__init__": {"executed_lines": [], "summary": {"covered_lines": 0, "num_statements": 1, "percent_covered": 0.0, "percent_covered_display": "0", "missing_lines": 1, "excluded_lines": 0}, "missing_lines": [765], "excluded_lines": []}, "NumpyConversionError.__init__": {"executed_lines": [], "summary": {"covered_lines": 0, "num_statements": 1, "percent_covered": 0.0, "percent_covered_display": "0", "missing_lines": 1, "excluded_lines": 0}, "missing_lines": [772], "excluded_lines": []}, "ImageResizeError.__init__": {"executed_lines": [779], "summary": {"covered_lines": 1, "num_statements": 1, "percent_covered": 100.0, "percent_covered_display": "100", "missing_lines": 0, "excluded_lines": 0}, "missing_lines": [], "excluded_lines": []}, "ImagePadError.__init__": {"executed_lines": [786], "summary": {"covered_lines": 1, "num_statements": 1, "percent_covered": 100.0, "percent_covered_display": "100", "missing_lines": 0, "excluded_lines": 0}, "missing_lines": [], "excluded_lines": []}, "ImageCropError.__init__": {"executed_lines": [793], "summary": {"covered_lines": 1, "num_statements": 1, "percent_covered": 100.0, "percent_covered_display": "100", "missing_lines": 0, "excluded_lines": 0}, "missing_lines": [], "excluded_lines": []}, "ImageNormalizeError.__init__": {"executed_lines": [], "summary": {"covered_lines": 0, "num_statements": 1, "percent_covered": 0.0, "percent_covered_display": "0", "missing_lines": 1, "excluded_lines": 0}, "missing_lines": [800], "excluded_lines": []}, "ImageRotationError.__init__": {"executed_lines": [], "summary": {"covered_lines": 0, "num_statements": 1, "percent_covered": 0.0, "percent_covered_display": "0", "missing_lines": 1, "excluded_lines": 0}, "missing_lines": [807], "excluded_lines": []}, "ChannelConversionError.__init__": {"executed_lines": [814], "summary": {"covered_lines": 1, "num_statements": 1, "percent_covered": 100.0, "percent_covered_display": "100", "missing_lines": 0, "excluded_lines": 0}, "missing_lines": [], "excluded_lines": []}, "CompressionError.__init__": {"executed_lines": [], "summary": {"covered_lines": 0, "num_statements": 1, "percent_covered": 0.0, "percent_covered_display": "0", "missing_lines": 1, "excluded_lines": 0}, "missing_lines": [821], "excluded_lines": []}, "DecompressionError.__init__": {"executed_lines": [], "summary": {"covered_lines": 0, "num_statements": 1, "percent_covered": 0.0, "percent_covered_display": "0", "missing_lines": 1, "excluded_lines": 0}, "missing_lines": [828], "excluded_lines": []}, "OCRModelLoadError.__init__": {"executed_lines": [], "summary": {"covered_lines": 0, "num_statements": 1, "percent_covered": 0.0, "percent_covered_display": "0", "missing_lines": 1, "excluded_lines": 0}, "missing_lines": [840], "excluded_lines": []}, "OCRProcessingError.__init__": {"executed_lines": [], "summary": {"covered_lines": 0, "num_statements": 1, "percent_covered": 0.0, "percent_covered_display": "0", "missing_lines": 1, "excluded_lines": 0}, "missing_lines": [847], "excluded_lines": []}, "OCRBBoxExtractionError.__init__": {"executed_lines": [], "summary": {"covered_lines": 0, "num_statements": 1, "percent_covered": 0.0, "percent_covered_display": "0", "missing_lines": 1, "excluded_lines": 0}, "missing_lines": [854], "excluded_lines": []}, "TesseractError.__init__": {"executed_lines": [], "summary": {"covered_lines": 0, "num_statements": 1, "percent_covered": 0.0, "percent_covered_display": "0", "missing_lines": 1, "excluded_lines": 0}, "missing_lines": [861], "excluded_lines": []}, "EasyOCRError.__init__": {"executed_lines": [], "summary": {"covered_lines": 0, "num_statements": 1, "percent_covered": 0.0, "percent_covered_display": "0", "missing_lines": 1, "excluded_lines": 0}, "missing_lines": [868], "excluded_lines": []}, "PaddleOCRError.__init__": {"executed_lines": [], "summary": {"covered_lines": 0, "num_statements": 1, "percent_covered": 0.0, "percent_covered_display": "0", "missing_lines": 1, "excluded_lines": 0}, "missing_lines": [875], "excluded_lines": []}, "TrOCRProcessingError.__init__": {"executed_lines": [], "summary": {"covered_lines": 0, "num_statements": 1, "percent_covered": 0.0, "percent_covered_display": "0", "missing_lines": 1, "excluded_lines": 0}, "missing_lines": [882], "excluded_lines": []}, "OCRResultsEmptyError.__init__": {"executed_lines": [], "summary": {"covered_lines": 0, "num_statements": 1, "percent_covered": 0.0, "percent_covered_display": "0", "missing_lines": 1, "excluded_lines": 0}, "missing_lines": [889], "excluded_lines": []}, "OCRBBoxValidationError.__init__": {"executed_lines": [], "summary": {"covered_lines": 0, "num_statements": 1, "percent_covered": 0.0, "percent_covered_display": "0", "missing_lines": 1, "excluded_lines": 0}, "missing_lines": [896], "excluded_lines": []}, "ModelDownloadError.__init__": {"executed_lines": [], "summary": {"covered_lines": 0, "num_statements": 1, "percent_covered": 0.0, "percent_covered_display": "0", "missing_lines": 1, "excluded_lines": 0}, "missing_lines": [904], "excluded_lines": []}, "ModelExtractionError.__init__": {"executed_lines": [], "summary": {"covered_lines": 0, "num_statements": 1, "percent_covered": 0.0, "percent_covered_display": "0", "missing_lines": 1, "excluded_lines": 0}, "missing_lines": [911], "excluded_lines": []}, "ModelValidationError.__init__": {"executed_lines": [], "summary": {"covered_lines": 0, "num_statements": 1, "percent_covered": 0.0, "percent_covered_display": "0", "missing_lines": 1, "excluded_lines": 0}, "missing_lines": [918], "excluded_lines": []}, "ModelInstantiationError.__init__": {"executed_lines": [], "summary": {"covered_lines": 0, "num_statements": 1, "percent_covered": 0.0, "percent_covered_display": "0", "missing_lines": 1, "excluded_lines": 0}, "missing_lines": [925], "excluded_lines": []}, "ModelStateLoadError.__init__": {"executed_lines": [], "summary": {"covered_lines": 0, "num_statements": 1, "percent_covered": 0.0, "percent_covered_display": "0", "missing_lines": 1, "excluded_lines": 0}, "missing_lines": [932], "excluded_lines": []}, "TokenizerLoadError.__init__": {"executed_lines": [], "summary": {"covered_lines": 0, "num_statements": 1, "percent_covered": 0.0, "percent_covered_display": "0", "missing_lines": 1, "excluded_lines": 0}, "missing_lines": [939], "excluded_lines": []}, "ProcessorLoadError.__init__": {"executed_lines": [], "summary": {"covered_lines": 0, "num_statements": 1, "percent_covered": 0.0, "percent_covered_display": "0", "missing_lines": 1, "excluded_lines": 0}, "missing_lines": [946], "excluded_lines": []}, "InferenceSetupError.__init__": {"executed_lines": [], "summary": {"covered_lines": 0, "num_statements": 1, "percent_covered": 0.0, "percent_covered_display": "0", "missing_lines": 1, "excluded_lines": 0}, "missing_lines": [953], "excluded_lines": []}, "PatchProcessingError.__init__": {"executed_lines": [], "summary": {"covered_lines": 0, "num_statements": 1, "percent_covered": 0.0, "percent_covered_display": "0", "missing_lines": 1, "excluded_lines": 0}, "missing_lines": [960], "excluded_lines": []}, "ResultPostprocessingError.__init__": {"executed_lines": [], "summary": {"covered_lines": 0, "num_statements": 1, "percent_covered": 0.0, "percent_covered_display": "0", "missing_lines": 1, "excluded_lines": 0}, "missing_lines": [967], "excluded_lines": []}, "FileReadError.__init__": {"executed_lines": [], "summary": {"covered_lines": 0, "num_statements": 1, "percent_covered": 0.0, "percent_covered_display": "0", "missing_lines": 1, "excluded_lines": 0}, "missing_lines": [975], "excluded_lines": []}, "FileWriteError.__init__": {"executed_lines": [], "summary": {"covered_lines": 0, "num_statements": 1, "percent_covered": 0.0, "percent_covered_display": "0", "missing_lines": 1, "excluded_lines": 0}, "missing_lines": [982], "excluded_lines": []}, "FileDeleteError.__init__": {"executed_lines": [], "summary": {"covered_lines": 0, "num_statements": 1, "percent_covered": 0.0, "percent_covered_display": "0", "missing_lines": 1, "excluded_lines": 0}, "missing_lines": [989], "excluded_lines": []}, "DirectoryCreateError.__init__": {"executed_lines": 
[...]
, "missing_lines": 5, "excluded_lines": 0}, "missing_lines": [49, 59, 60, 61, 62], "excluded_lines": []}}, "classes": {"PerceptualLoss": {"executed_lines": [74, 75, 77, 78, 79, 80, 81, 83, 84, 88, 89, 105, 106, 107, 108, 111, 114, 115, 117], "summary": {"covered_lines": 19, "num_statements": 24, "percent_covered": 79.16666666666667, "percent_covered_display": "79", "missing_lines": 5, "excluded_lines": 0}, "missing_lines": [92, 93, 96, 97, 100], "excluded_lines": []}, "VAETrainer": {"executed_lines": [124, 125, 126, 127, 128, 129, 130, 131, 134, 135, 136, 139, 143, 144, 150, 156, 157, 158, 161, 163, 164, 165, 167, 171, 172, 175, 177, 178, 185, 187, 190, 194, 197, 198, 200, 207, 210, 219, 222, 223, 224, 229, 230, 235, 238, 241, 242, 243, 244, 249, 250, 257, 258, 260, 269, 271, 272, 275, 276, 278, 281, 282, 283, 288, 294, 295, 296, 297, 300, 303, 304, 316, 317, 321, 324, 325, 331, 333, 334, 335, 336, 337, 338, 339, 340, 341, 342, 344, 347, 348, 350, 352, 412, 413, 415, 417, 419, 422, 424, 425, 428, 435, 437, 438, 440, 444, 448, 449, 451, 453, 454, 457, 458, 459, 462, 475, 479, 496, 498, 500, 501, 502, 503, 506, 519, 523, 524, 525, 528, 529, 531, 556, 571, 579, 580, 581], "summary": {"covered_lines": 136, "num_statements": 207, "percent_covered": 65.70048309178743, "percent_covered_display": "66", "missing_lines": 71, "excluded_lines": 0}, "missing_lines": [151, 152, 195, 225, 226, 231, 232, 245, 246, 322, 356, 357, 359, 360, 361, 362, 365, 366, 367, 370, 371, 374, 375, 383, 384, 389, 390, 392, 394, 395, 399, 400, 401, 403, 404, 406, 407, 408, 420, 441, 442, 476, 477, 507, 515, 516, 520, 532, 533, 534, 537, 538, 542, 548, 549, 551, 552, 553, 557, 558, 559, 562, 563, 564, 565, 566, 568, 569, 573, 574, 575], "excluded_lines": []}, "": {"executed_lines": [1, 15, 16, 17, 18, 20, 21, 22, 23, 24, 25, 26, 28, 29, 43, 44, 46, 47, 50, 51, 52, 54, 55, 56, 58, 65, 67, 70, 71, 73, 86, 102, 120, 121, 123, 141, 154, 169, 192, 212, 267, 319, 354, 397, 410, 446, 481], "summary": {"covered_lines": 44, "num_statements": 49, "percent_covered": 89.79591836734694, "percent_covered_display": "90", "missing_lines": 5, "excluded_lines": 0}, "missing_lines": [49, 59, 60, 61, 62], "excluded_lines": []}}}, "src/anonymizer/utils/__init__.py": {"executed_lines": [1, 3, 4, 5, 7], "summary": {"covered_lines": 4, "num_statements": 4, "percent_covered": 100.0, "percent_covered_display": "100", "missing_lines": 0, "excluded_lines": 0}, "missing_lines": [], "excluded_lines": [], "functions": {"": {"executed_lines": [1, 3, 4, 5, 7], "summary": {"covered_lines": 4, "num_statements": 4, "percent_covered": 100.0, "percent_covered_display": "100", "missing_lines": 0, "excluded_lines": 0}, "missing_lines": [], "excluded_lines": []}}, "classes": {"": {"executed_lines": [1, 3, 4, 5, 7], "summary": {"covered_lines": 4, "num_statements": 4, "percent_covered": 100.0, "percent_covered_display": "100", "missing_lines": 0, "excluded_lines": 0}, "missing_lines": [], "excluded_lines": []}}}, "src/anonymizer/utils/image_ops.py": {"executed_lines": [1, 3, 5, 6, 8, 26, 29, 30, 31, 32, 33, 34, 37, 38, 41, 42, 44, 45, 47, 48, 50, 51, 53, 54, 56, 57, 58, 61, 62, 63, 65, 67, 68, 76, 78, 79, 82, 84, 85, 87, 90, 91, 92, 94, 95, 97, 98, 101, 104, 108, 111, 113, 116, 120, 121, 123, 125, 127, 128, 129, 130, 132, 134, 135, 145, 147, 148, 151, 152, 154, 155, 158, 159, 162, 169, 170, 171, 173, 175, 176, 178, 180, 181, 189, 191, 192, 194, 195, 198, 199, 200, 201, 204, 205, 207, 210, 211, 212, 213, 215, 217, 219, 221, 222, 228, 230, 232, 233, 236, 239, 242, 243, 245, 248, 249, 254, 255, 262, 265, 266, 267, 268, 271, 273, 282, 284, 285, 287, 288, 290, 291, 293, 295, 296, 297, 298, 300, 304, 306, 309, 311], "summary": {"covered_lines": 139, "num_statements": 147, "percent_covered": 94.5578231292517, "percent_covered_display": "95", "missing_lines": 8, "excluded_lines": 0}, "missing_lines": [102, 105, 114, 117, 237, 251, 252, 269], "excluded_lines": [], "functions": {"ImageProcessor.validate_image_array": {"executed_lines": [47, 48, 50, 51, 53, 54, 56, 57, 58, 61, 62, 63, 65], "summary": {"covered_lines": 13, "num_statements": 13, "percent_covered": 100.0, "percent_covered_display": "100", "missing_lines": 0, "excluded_lines": 0}, "missing_lines": [], "excluded_lines": []}, "ImageProcessor.safe_resize": {"executed_lines": [76, 78, 79, 82, 84, 85, 87, 90, 91, 92, 94, 97, 98, 101, 104, 108, 111, 113, 116, 120, 121, 123, 125, 127, 128, 129, 130, 132], "summary": {"covered_lines": 28, "num_statements": 30, "percent_covered": 93.33333333333333, "percent_covered_display": "93", "missing_lines": 2, "excluded_lines": 0}, "missing_lines": [105, 117], "excluded_lines": []}, "ImageProcessor.safe_resize._raise_scale_error": {"executed_lines": [95], "summary": {"covered_lines": 1, "num_statements": 1, "percent_covered": 100.0, "percent_covered_display": "100", "missing_lines": 0, "excluded_lines": 0}, "missing_lines": [], "excluded_lines": []}, "ImageProcessor.safe_resize._raise_size_error": {"executed_lines": [], "summary": {"covered_lines": 0, "num_statements": 1, "percent_covered": 0.0, "percent_covered_display": "0", "missing_lines": 1, "excluded_lines": 0}, "missing_lines": [102], "excluded_lines": []}, "ImageProcessor.safe_resize._raise_memory_error": {"executed_lines": [], "summary": {"covered_lines": 0, "num_statements": 1, "percent_covered": 0.0, "percent_covered_display": "0", "missing_lines": 1, "excluded_lines": 0}, "missing_lines": [114], "excluded_lines": []}, "ImageProcessor.safe_crop": {"executed_lines": [145, 147, 148, 151, 154, 155, 158, 159, 162, 169, 170, 171, 173, 175, 176, 178], "summary": {"covered_lines": 16, "num_statements": 16, "percent_covered": 100.0, "percent_covered_display": "100", "missing_lines": 0, "excluded_lines": 0}, "missing_lines": [], "excluded_lines": []}, "ImageProcessor.safe_crop._raise_crop_size_error": {"executed_lines": [152], "summary": {"covered_lines": 1, "num_statements": 1, "percent_covered": 100.0, "percent_covered_display": "100", "missing_lines": 0, "excluded_lines": 0}, "missing_lines": [], "excluded_lines": []}, "ImageProcessor._pad_image": {"executed_lines": [189, 191, 192, 194, 195, 198, 199, 200, 201, 204, 205, 207, 210, 211, 212, 213, 215, 217, 219], "summary": {"covered_lines": 19, "num_statements": 19, "percent_covered": 100.0, "percent_covered_display": "100", "missing_lines": 0, "excluded_lines": 0}, "missing_lines": [], "excluded_lines": []}, "ImageProcessor.normalize_image": {"executed_lines": [228, 230, 232, 233, 236, 239, 242, 243, 245, 248, 249], "summary": {"covered_lines": 11, "num_statements": 14, "percent_covered": 78.57142857142857, "percent_covered_display": "79", "missing_lines": 3, "excluded_lines": 0}, "missing_lines": [237, 251, 252], "excluded_lines": []}, "ImageProcessor.convert_color_space": {"executed_lines": [262, 265, 266, 267, 268, 271, 273, 282, 284, 287, 288, 290, 291, 293, 295, 296, 297, 298, 300], "summary": {"covered_lines": 19, "num_statements": 20, "percent_covered": 95.0, "percent_covered_display": "95", "missing_lines": 1, "excluded_lines": 0}, "missing_lines": [269], "excluded_lines": []}, "ImageProcessor.convert_color_space._raise_conversion_error": {"executed_lines": [285], "summary": {"covered_lines": 1, "num_statements": 1, "percent_covered": 100.0, "percent_covered_display": "100", "missing_lines": 0, "excluded_lines": 0}, "missing_lines": [], "excluded_lines": []}, "safe_resize": {"executed_lines": [306], "summary": {"covered_lines": 1, "num_statements": 1, "percent_covered": 100.0, "percent_covered_display": "100", "missing_lines": 0, "excluded_lines": 0}, "missing_lines": [], "excluded_lines": []}, "safe_crop": {"executed_lines": [311], "summary": {"covered_lines": 1, "num_statements": 1, "percent_covered": 100.0, "percent_covered_display": "100", "missing_lines": 0, "excluded_lines": 0}, "missing_lines": [], "excluded_lines": []}, "": {"executed_lines": [1, 3, 5, 6, 8, 26, 29, 30, 31, 32, 33, 34, 37, 38, 41, 42, 44, 45, 67, 68, 134, 135, 180, 181, 221, 222, 254, 255, 304, 309], "summary": {"covered_lines": 28, "num_statements": 28, "percent_covered": 100.0, "percent_covered_display": "100", "missing_lines": 0, "excluded_lines": 0}, "missing_lines": [], "excluded_lines": []}}, "classes": {"ImageProcessor": {"executed_lines": [47, 48, 50, 51, 53, 54, 56, 57, 58, 61, 62, 63, 65, 76, 78, 79, 82, 84, 85, 87, 90, 91, 92, 94, 95, 97, 98, 101, 104, 108, 111, 113, 116, 120, 121, 123, 125, 127, 128, 129, 130, 132, 145, 147, 148, 151, 152, 154, 155, 158, 159, 162, 169, 170, 171, 173, 175, 176, 178, 189, 191, 192, 194, 195, 198, 199, 200, 201, 204, 205, 207, 210, 211, 212, 213, 215, 217, 219, 228, 230, 232, 233, 236, 239, 242, 243, 245, 248, 249, 262, 265, 266, 267, 268, 271, 273, 282, 284, 285, 287, 288, 290, 291, 293, 295, 296, 297, 298, 300], "summary": {"covered_lines": 109, "num_statements": 117, "percent_covered": 93.16239316239316, "percent_covered_display": "93", "missing_lines": 8, "excluded_lines": 0}, "missing_lines": [102, 105, 114, 117, 237, 251, 252, 269], "excluded_lines": []}, "": {"executed_lines": [1, 3, 5, 6, 8, 26, 29, 30, 31, 32, 33, 34, 37, 38, 41, 42, 44, 45, 67, 68, 134, 135, 180, 181, 221, 222, 254, 255, 304, 306, 309, 311], "summary": {"covered_lines": 30, "num_statements": 30, "percent_covered": 100.0, "percent_covered_display": "100", "missing_lines": 0, "excluded_lines": 0}, "missing_lines": [], "excluded_lines": []}}}, "src/anonymizer/utils/metrics.py": {"executed_lines": [1, 3, 4, 5, 6, 9, 10, 12, 13, 14, 16, 17, 18, 23, 26, 27, 29, 30, 31, 33, 34, 36, 38, 39, 40, 42, 43, 45, 47, 48, 50, 51, 52, 54, 55, 56, 58, 60, 61, 63, 64, 70, 71, 73, 78, 80, 81, 83, 84, 86, 89, 94, 102, 103, 104, 105, 107, 108, 110, 111, 112, 113, 114, 116, 121, 128, 129, 131, 132, 135, 136, 138, 139, 140, 142, 143, 144, 147, 149, 150, 154, 156, 159, 164, 166, 167, 169, 170, 171], "summary": {"covered_lines": 87, "num_statements": 100, "percent_covered": 87.0, "percent_covered_display": "87", "missing_lines": 13, "excluded_lines": 0}, "missing_lines": [11, 19, 20, 21, 75, 76, 87, 91, 92, 118, 119, 151, 152], "excluded_lines": [], "functions": {"MetricsCollector.__init__": {"executed_lines": [30, 31, 33, 34], "summary": {"covered_lines": 4, "num_statements": 4, "percent_covered": 100.0, "percent_covered_display": "100", "missing_lines": 0, "excluded_lines": 0}, "missing_lines": [], "excluded_lines": []}, "MetricsCollector._initialize_backend": {"executed_lines": [38, 39, 40, 42, 43], "summary": {"covered_lines": 5, "num_statements": 5, "percent_covered": 100.0, "percent_covered_display": "100", "missing_lines": 0, "excluded_lines": 0}, "missing_lines": [], "excluded_lines": []}, "MetricsCollector.record_training_metrics": {"executed_lines": [47, 48, 50, 51, 52, 54, 55, 56], "summary": {"covered_lines": 8, "num_statements": 8, "percent_covered": 100.0, "percent_covered_display": "100", "missing_lines": 0, "excluded_lines": 0}, "missing_lines": [], "excluded_lines": []}, "MetricsCollector.record_inference_metrics": {"executed_lines": [60, 61, 63, 64, 70, 71, 73], "summary": {"covered_lines": 7, "num_statements": 9, "percent_covered": 77.77777777777777, "percent_covered_display": "78", "missing_lines": 2, "excluded_lines": 0}, "missing_lines": [75, 76], "excluded_lines": []}, "MetricsCollector.record_model_performance": {"executed_lines": [80, 81, 83, 84, 86, 89], "summary": {"covered_lines": 6, "num_statements": 9, "percent_covered": 66.66666666666667, "percent_covered_display": "67", "missing_lines": 3, "excluded_lines": 0}, "missing_lines": [87, 91, 92], "excluded_lines": []}, "MetricsCollector._record_datadog_metrics": {"executed_lines": [102, 103, 104, 105, 107, 108, 110, 111, 112, 113, 114, 116], "summary": {"covered_lines": 12, "num_statements": 14, "percent_covered": 85.71428571428571, "percent_covered_display": "86", "missing_lines": 2, "excluded_lines": 0}, "missing_lines": [118, 119], "excluded_lines": []}, "MetricsCollector._record_logging_metrics": {"executed_lines": [128, 129, 131, 132], "summary": {"covered_lines": 4, "num_statements": 4, "percent_covered": 100.0, "percent_covered_display": "100", "missing_lines": 0, "excluded_lines": 0}, "missing_lines": [], "excluded_lines": []}, "timer": {"executed_lines": [138, 139, 140, 142, 143, 144], "summary": {"covered_lines": 6, "num_statements": 6, "percent_covered": 100.0, "percent_covered_display": "100", "missing_lines": 0, "excluded_lines": 0}, "missing_lines": [], "excluded_lines": []}, "calculate_similarity_metrics": {"executed_lines": [149, 150, 154, 156, 159, 164, 166, 167, 169, 170, 171], "summary": {"covered_lines": 11, "num_statements": 13, "percent_covered": 84.61538461538461, "percent_covered_display": "85", "missing_lines": 2, "excluded_lines": 0}, "missing_lines": [151, 152], "excluded_lines": []}, "": {"executed_lines": [1, 3, 4, 5, 6, 9, 10, 12, 13, 14, 16, 17, 18, 23, 26, 27, 29, 36, 45, 58, 78, 94, 121, 135, 136, 147], "summary": {"covered_lines": 24, "num_statements": 28, "percent_covered": 85.71428571428571, "percent_covered_display": "86", "missing_lines": 4, "excluded_lines": 0}, "missing_lines": [11, 19, 20, 21], "excluded_lines": []}}, "classes": {"MetricsCollector": {"executed_lines": [30, 31, 33, 34, 38, 39, 40, 42, 43, 47, 48, 50, 51, 52, 54, 55, 56, 60, 61, 63, 64, 70, 71, 73, 80, 81, 83, 84, 86, 89, 102, 103, 104, 105, 107, 108, 110, 111, 112, 113, 114, 116, 128, 129, 131, 132], "summary": {"covered_lines": 46, "num_statements": 53, "percent_covered": 86.79245283018868, "percent_covered_display": "87", "missing_lines": 7, "excluded_lines": 0}, "missing_lines": [75, 76, 87, 91, 92, 118, 119], "excluded_lines": []}, "": {"executed_lines": [1, 3, 4, 5, 6, 9, 10, 12, 13, 14, 16, 17, 18, 23, 26, 27, 29, 36, 45, 58, 78, 94, 121, 135, 136, 138, 139, 140, 142, 143, 144, 147, 149, 150, 154, 156, 159, 164, 166, 167, 169, 170, 171], "summary": {"covered_lines": 41, "num_statements": 47, "percent_covered": 87.23404255319149, "percent_covered_display": "87", "missing_lines": 6, "excluded_lines": 0}, "missing_lines": [11, 19, 20, 21, 151, 152], "excluded_lines": []}}}, "src/anonymizer/utils/text_rendering.py": {"executed_lines": [1, 3, 4, 5, 7, 8, 10, 12, 15, 18, 19, 21, 28, 34, 35, 36, 38, 40, 42, 43, 45, 46, 47, 49, 51, 53, 54, 55, 56, 59, 60, 61, 62, 65, 66, 67, 68, 69, 73, 74, 76, 77, 78, 80, 82, 83, 84, 85, 86, 88, 91, 92, 94, 100, 101, 102, 104, 130, 131, 132, 134, 135, 136, 139, 140, 142, 144, 147, 148, 151, 154, 155, 157, 158, 159, 160, 161, 162, 165, 166, 169, 170, 173, 174, 175, 176, 178, 180, 183, 184, 185, 186, 187, 188, 190, 192, 193, 195, 196, 197, 199, 201, 203, 204, 205, 207, 208, 209, 210, 211, 212, 213, 215, 216, 217, 219, 221, 223, 224, 226, 233, 234, 235, 238, 239, 242, 244, 245, 247, 248, 249, 250, 252, 253, 256, 257, 259, 260, 261, 263, 267, 273, 274], "summary": {"covered_lines": 140, "num_statements": 141, "percent_covered": 99.29078014184397, "percent_covered_display": "99", "missing_lines": 1, "excluded_lines": 0}, "missing_lines": [70], "excluded_lines": [], "functions": {"FontManager.__init__": {"executed_lines": [35, 36], "summary": {"covered_lines": 2, "num_statements": 2, "percent_covered": 100.0, "percent_covered_display": "100", "missing_lines": 0, "excluded_lines": 0}, "missing_lines": [], "excluded_lines": []}, "FontManager.get_font": {"executed_lines": [40, 42, 43, 45, 46, 47], "summary": {"covered_lines": 6, "num_statements": 6, "percent_covered": 100.0, "percent_covered_display": "100", "missing_lines": 0, "excluded_lines": 0}, "missing_lines": [], "excluded_lines": []}, "FontManager._load_font": {"executed_lines": [51, 53, 54, 55, 56, 59, 60, 61, 62, 65, 66, 67, 68, 69, 73, 74, 76, 77, 78], "summary": {"covered_lines": 19, "num_statements": 20, "percent_covered": 95.0, "percent_covered_display": "95", "missing_lines": 1, "excluded_lines": 0}, "missing_lines": [70], "excluded_lines": []}, "FontManager._try_load_font": {"executed_lines": [82, 83, 84, 85, 86, 88], "summary": {"covered_lines": 6, "num_statements": 6, "percent_covered": 100.0, "percent_covered_display": "100", "missing_lines": 0, "excluded_lines": 0}, "missing_lines": [], "excluded_lines": []}, "TextRenderer.__init__": {"executed_lines": [100, 101, 102], "summary": {"covered_lines": 3, "num_statements": 3, "percent_covered": 100.0, "percent_covered_display": "100", "missing_lines": 0, "excluded_lines": 0}, "missing_lines": [], "excluded_lines": []}, "TextRenderer.render_text": {"executed_lines": [130, 131, 132, 134, 135, 136, 139, 140, 142, 144, 147, 148, 151, 154, 155, 157, 158, 159, 160, 161, 162, 165, 166, 169, 170, 173, 174, 175, 176, 178, 180, 183, 184, 185, 186, 187, 188, 190, 192, 193, 195, 196, 197, 199], "summary": {"covered_lines": 44, "num_statements": 44, "percent_covered": 100.0, "percent_covered_display": "100", "missing_lines": 0, "excluded_lines": 0}, "missing_lines": [], "excluded_lines": []}, "TextRenderer.render_text_batch": {"executed_lines": [203, 204, 205, 207, 208, 209, 210, 211, 212, 213, 215, 216, 217, 219], "summary": {"covered_lines": 14, "num_statements": 14, "percent_covered": 100.0, "percent_covered_display": "100", "missing_lines": 0, "excluded_lines": 0}, "missing_lines": [], "excluded_lines": []}, "TextRenderer.render_text_array": {"executed_lines": [223, 224], "summary": {"covered_lines": 2, "num_statements": 2, "percent_covered": 100.0, "percent_covered_display": "100", "missing_lines": 0, "excluded_lines": 0}, "missing_lines": [], "excluded_lines": []}, "TextRenderer.estimate_text_size": {"executed_lines": [233, 234, 235, 238, 239, 242, 244, 245, 247, 248, 249, 250, 252, 253, 256, 257, 259, 260, 261, 263], "summary": {"covered_lines": 20, "num_statements": 20, "percent_covered": 100.0, "percent_covered_display": "100", "missing_lines": 0, "excluded_lines": 0}, "missing_lines": [], "excluded_lines": []}, "render_text_simple": {"executed_lines": [273, 274], "summary": {"covered_lines": 2, "num_statements": 2, "percent_covered": 100.0, "percent_covered_display": "100", "missing_lines": 0, "excluded_lines": 0}, "missing_lines": [], "excluded_lines": []}, "": {"executed_lines": [1, 3, 4, 5, 7, 8, 10, 12, 15, 18, 19, 21, 28, 34, 38, 49, 80, 91, 92, 94, 104, 201, 221, 226, 267], "summary": {"covered_lines": 22, "num_statements": 22, "percent_covered": 100.0, "percent_covered_display": "100", "missing_lines": 0, "excluded_lines": 0}, "missing_lines": [], "excluded_lines": []}}, "classes": {"FontManager": {"executed_lines": [35, 36, 40, 42, 43, 45, 46, 47, 51, 53, 54, 55, 56, 59, 60, 61, 62, 65, 66, 67, 68, 69, 73, 74, 76, 77, 78, 82, 83, 84, 85, 86, 88], "summary": {"covered_lines": 33, "num_statements": 34, "percent_covered": 97.05882352941177, "percent_covered_display": "97", "missing_lines": 1, "excluded_lines": 0}, "missing_lines": [70], "excluded_lines": []}, "TextRenderer": {"executed_lines": [100, 101, 102, 130, 131, 132, 134, 135, 136, 139, 140, 142, 144, 147, 148, 151, 154, 155, 157, 158, 159, 160, 161, 162, 165, 166, 169, 170, 173, 174, 175, 176, 178, 180, 183, 184, 185, 186, 187, 188, 190, 192, 193, 195, 196, 197, 199, 203, 204, 205, 207, 208, 209, 210, 211, 212, 213, 215, 216, 217, 219, 223, 224, 233, 234, 235, 238, 239, 242, 244, 245, 247, 248, 249, 250, 252, 253, 256, 257, 259, 260, 261, 263], "summary": {"covered_lines": 83, "num_statements": 83, "percent_covered": 100.0, "percent_covered_display": "100", "missing_lines": 0, "excluded_lines": 0}, "missing_lines": [], "excluded_lines": []}, "": {"executed_lines": [1, 3, 4, 5, 7, 8, 10, 12, 15, 18, 19, 21, 28, 34, 38, 49, 80, 91, 92, 94, 104, 201, 221, 226, 267, 273, 274], "summary": {"covered_lines": 24, "num_statements": 24, "percent_covered": 100.0, "percent_covered_display": "100", "missing_lines": 0, "excluded_lines": 0}, "missing_lines": [], "excluded_lines": []}}}}, "totals": {"covered_lines": 4321, "num_statements": 6537, "percent_covered": 66.10065779409516, "percent_covered_display": "66", "missing_lines": 2216, "excluded_lines": 0}}